2024-04-23 11:45:26,418 INFO     HIS_LOGS main           :113      401
2024-04-23 11:45:26,420 ERROR    HIS_LOGS main           :159      Error while sending the Vibration data Expecting value: line 1 column 1 (char 0)
2024-04-23 11:45:26,425 INFO     HIS_LOGS main           :219      []
2024-04-23 11:45:31,574 INFO     HIS_LOGS main           :113      401
2024-04-23 11:45:31,575 ERROR    HIS_LOGS main           :159      Error while sending the Vibration data Expecting value: line 1 column 1 (char 0)
2024-04-23 11:45:31,577 INFO     HIS_LOGS main           :219      []
2024-04-23 11:45:36,742 INFO     HIS_LOGS main           :113      401
2024-04-23 11:45:36,743 ERROR    HIS_LOGS main           :159      Error while sending the Vibration data Expecting value: line 1 column 1 (char 0)
2024-04-23 11:45:36,746 INFO     HIS_LOGS main           :219      []
2024-04-23 11:46:01,314 INFO     HIS_LOGS main           :113      401
2024-04-23 11:46:01,320 INFO     HIS_LOGS database       :52       Successful: accesstoken  data added to the database.
2024-04-23 11:46:01,487 INFO     HIS_LOGS main           :194      401
2024-04-23 11:46:01,487 INFO     HIS_LOGS main           :195      
2024-04-23 11:46:01,488 ERROR    HIS_LOGS main           :209      Error while Refreshing JWT TOKEN: Expecting value: line 1 column 1 (char 0)
2024-04-23 11:46:01,490 ERROR    HIS_LOGS main           :159      Error while sending the Vibration data Expecting value: line 1 column 1 (char 0)
2024-04-23 11:46:01,493 INFO     HIS_LOGS main           :219      []
2024-04-23 11:46:06,635 INFO     HIS_LOGS main           :113      401
2024-04-23 11:46:06,640 INFO     HIS_LOGS database       :52       Successful: accesstoken  data added to the database.
2024-04-23 11:46:06,796 INFO     HIS_LOGS main           :194      401
2024-04-23 11:46:06,797 INFO     HIS_LOGS main           :195      
2024-04-23 11:46:06,797 ERROR    HIS_LOGS main           :209      Error while Refreshing JWT TOKEN: Expecting value: line 1 column 1 (char 0)
2024-04-23 11:46:06,800 ERROR    HIS_LOGS main           :159      Error while sending the Vibration data Expecting value: line 1 column 1 (char 0)
2024-04-23 11:46:06,802 INFO     HIS_LOGS main           :219      []
2024-04-23 11:46:11,951 INFO     HIS_LOGS main           :113      401
2024-04-23 11:46:11,956 INFO     HIS_LOGS database       :52       Successful: accesstoken  data added to the database.
2024-04-23 11:46:12,098 INFO     HIS_LOGS main           :194      401
2024-04-23 11:46:12,098 INFO     HIS_LOGS main           :195      
2024-04-23 11:46:12,099 ERROR    HIS_LOGS main           :209      Error while Refreshing JWT TOKEN: Expecting value: line 1 column 1 (char 0)
2024-04-23 11:46:12,101 ERROR    HIS_LOGS main           :159      Error while sending the Vibration data Expecting value: line 1 column 1 (char 0)
2024-04-23 11:46:12,104 INFO     HIS_LOGS main           :219      []
2024-04-23 11:50:29,455 INFO     HIS_LOGS main           :216      [+] Error No Access Token is Found Refreshing...
2024-04-23 11:50:29,461 INFO     HIS_LOGS database       :52       Successful: accesstoken  data added to the database.
2024-04-23 11:50:29,639 INFO     HIS_LOGS main           :194      401
2024-04-23 11:50:29,639 INFO     HIS_LOGS main           :195      
2024-04-23 11:50:29,640 ERROR    HIS_LOGS main           :209      Error while Refreshing JWT TOKEN: Expecting value: line 1 column 1 (char 0)
2024-04-23 11:50:29,790 INFO     HIS_LOGS main           :113      401
2024-04-23 11:50:29,803 INFO     HIS_LOGS database       :52       Successful: accesstoken  data added to the database.
2024-04-23 11:50:29,950 INFO     HIS_LOGS main           :194      401
2024-04-23 11:50:29,951 INFO     HIS_LOGS main           :195      
2024-04-23 11:50:29,951 ERROR    HIS_LOGS main           :209      Error while Refreshing JWT TOKEN: Expecting value: line 1 column 1 (char 0)
2024-04-23 11:50:29,953 ERROR    HIS_LOGS main           :159      Error while sending the Vibration data Expecting value: line 1 column 1 (char 0)
2024-04-23 11:50:29,956 INFO     HIS_LOGS main           :219      []
2024-04-23 11:50:35,106 INFO     HIS_LOGS main           :113      401
2024-04-23 11:50:35,120 INFO     HIS_LOGS database       :52       Successful: accesstoken  data added to the database.
2024-04-23 11:50:35,269 INFO     HIS_LOGS main           :194      401
2024-04-23 11:50:35,269 INFO     HIS_LOGS main           :195      
2024-04-23 11:50:35,270 ERROR    HIS_LOGS main           :209      Error while Refreshing JWT TOKEN: Expecting value: line 1 column 1 (char 0)
2024-04-23 11:50:35,272 ERROR    HIS_LOGS main           :159      Error while sending the Vibration data Expecting value: line 1 column 1 (char 0)
2024-04-23 11:50:35,274 INFO     HIS_LOGS main           :219      []
2024-04-23 11:50:40,437 INFO     HIS_LOGS main           :113      401
2024-04-23 11:50:40,452 INFO     HIS_LOGS database       :52       Successful: accesstoken  data added to the database.
2024-04-23 11:50:40,610 INFO     HIS_LOGS main           :194      401
2024-04-23 11:50:40,610 INFO     HIS_LOGS main           :195      
2024-04-23 11:50:40,611 ERROR    HIS_LOGS main           :209      Error while Refreshing JWT TOKEN: Expecting value: line 1 column 1 (char 0)
2024-04-23 11:50:40,613 ERROR    HIS_LOGS main           :159      Error while sending the Vibration data Expecting value: line 1 column 1 (char 0)
2024-04-23 11:50:40,615 INFO     HIS_LOGS main           :219      []
2024-04-23 12:31:16,494 INFO     HIS_LOGS main           :114      401
2024-04-23 12:31:16,501 INFO     HIS_LOGS database       :52       Successful: accesstoken  data added to the database.
2024-04-23 12:31:16,501 ERROR    HIS_LOGS main           :205      Error while Refreshing JWT TOKEN: Invalid base64-encoded string: number of data characters (21) cannot be 1 more than a multiple of 4
2024-04-23 12:31:16,502 ERROR    HIS_LOGS main           :160      Error while sending the Vibration data Expecting value: line 1 column 1 (char 0)
2024-04-23 12:31:16,504 INFO     HIS_LOGS main           :215      []
2024-04-23 12:31:21,700 INFO     HIS_LOGS main           :114      401
2024-04-23 12:31:21,705 INFO     HIS_LOGS database       :52       Successful: accesstoken  data added to the database.
2024-04-23 12:31:21,706 ERROR    HIS_LOGS main           :205      Error while Refreshing JWT TOKEN: Invalid base64-encoded string: number of data characters (21) cannot be 1 more than a multiple of 4
2024-04-23 12:31:21,706 ERROR    HIS_LOGS main           :160      Error while sending the Vibration data Expecting value: line 1 column 1 (char 0)
2024-04-23 12:31:21,709 INFO     HIS_LOGS main           :215      []
2024-04-23 12:31:26,853 INFO     HIS_LOGS main           :114      401
2024-04-23 12:31:26,858 INFO     HIS_LOGS database       :52       Successful: accesstoken  data added to the database.
2024-04-23 12:31:26,859 ERROR    HIS_LOGS main           :205      Error while Refreshing JWT TOKEN: Invalid base64-encoded string: number of data characters (21) cannot be 1 more than a multiple of 4
2024-04-23 12:31:26,859 ERROR    HIS_LOGS main           :160      Error while sending the Vibration data Expecting value: line 1 column 1 (char 0)
2024-04-23 12:31:26,863 INFO     HIS_LOGS main           :215      []
2024-04-23 12:32:10,835 INFO     HIS_LOGS main           :114      401
2024-04-23 12:32:10,840 INFO     HIS_LOGS database       :52       Successful: accesstoken  data added to the database.
2024-04-23 12:32:10,841 ERROR    HIS_LOGS main           :205      Error while Refreshing JWT TOKEN: Invalid base64-encoded string: number of data characters (21) cannot be 1 more than a multiple of 4
2024-04-23 12:32:10,841 ERROR    HIS_LOGS main           :160      Error while sending the Vibration data Expecting value: line 1 column 1 (char 0)
2024-04-23 12:32:10,844 INFO     HIS_LOGS main           :215      []
2024-04-23 12:32:15,984 INFO     HIS_LOGS main           :114      401
2024-04-23 12:32:15,988 INFO     HIS_LOGS database       :52       Successful: accesstoken  data added to the database.
2024-04-23 12:32:15,989 ERROR    HIS_LOGS main           :205      Error while Refreshing JWT TOKEN: Invalid base64-encoded string: number of data characters (21) cannot be 1 more than a multiple of 4
2024-04-23 12:32:15,989 ERROR    HIS_LOGS main           :160      Error while sending the Vibration data Expecting value: line 1 column 1 (char 0)
2024-04-23 12:32:15,993 INFO     HIS_LOGS main           :215      []
2024-04-23 12:32:42,888 INFO     HIS_LOGS main           :114      401
2024-04-23 12:32:42,893 INFO     HIS_LOGS database       :52       Successful: accesstoken  data added to the database.
2024-04-23 12:32:43,044 INFO     HIS_LOGS main           :190      401
2024-04-23 12:32:43,044 INFO     HIS_LOGS main           :191      
2024-04-23 12:32:43,045 ERROR    HIS_LOGS main           :205      Error while Refreshing JWT TOKEN: Expecting value: line 1 column 1 (char 0)
2024-04-23 12:32:43,048 ERROR    HIS_LOGS main           :160      Error while sending the Vibration data Expecting value: line 1 column 1 (char 0)
2024-04-23 12:32:43,052 INFO     HIS_LOGS main           :215      []
2024-04-23 12:32:48,203 INFO     HIS_LOGS main           :114      401
2024-04-23 12:32:48,208 INFO     HIS_LOGS database       :52       Successful: accesstoken  data added to the database.
2024-04-23 12:32:48,348 INFO     HIS_LOGS main           :190      401
2024-04-23 12:32:48,348 INFO     HIS_LOGS main           :191      
2024-04-23 12:32:48,348 ERROR    HIS_LOGS main           :205      Error while Refreshing JWT TOKEN: Expecting value: line 1 column 1 (char 0)
2024-04-23 12:32:48,351 ERROR    HIS_LOGS main           :160      Error while sending the Vibration data Expecting value: line 1 column 1 (char 0)
2024-04-23 12:32:48,353 INFO     HIS_LOGS main           :215      []
2024-04-23 12:32:53,492 INFO     HIS_LOGS main           :114      401
2024-04-23 12:32:53,497 INFO     HIS_LOGS database       :52       Successful: accesstoken  data added to the database.
2024-04-23 12:32:53,637 INFO     HIS_LOGS main           :190      401
2024-04-23 12:32:53,637 INFO     HIS_LOGS main           :191      
2024-04-23 12:32:53,637 ERROR    HIS_LOGS main           :205      Error while Refreshing JWT TOKEN: Expecting value: line 1 column 1 (char 0)
2024-04-23 12:32:53,639 ERROR    HIS_LOGS main           :160      Error while sending the Vibration data Expecting value: line 1 column 1 (char 0)
2024-04-23 12:32:53,642 INFO     HIS_LOGS main           :215      []
2024-04-23 12:35:21,613 INFO     HIS_LOGS main           :114      401
2024-04-23 12:35:21,627 INFO     HIS_LOGS database       :52       Successful: accesstoken  data added to the database.
2024-04-23 12:35:21,926 INFO     HIS_LOGS main           :191      200
2024-04-23 12:35:21,927 INFO     HIS_LOGS main           :192      {"status":true,"data":{"accessToken":"eyJhbGciOiJSUzI1NiIsInR5cCIgOiAiSldUIiwia2lkIiA6ICIyY0NxRnpxRXJrNU5GS1RjTi1YSk1IdE9NS2tWVTZXS1hIdHZFMF8xZE5ZIn0.eyJleHAiOjE3MTM4OTkxMjIsImlhdCI6MTcxMzg1NTkyMiwianRpIjoiYTUxNmVkNzktMjc0ZS00N2U3LTgyNmUtMmViZTYwNjg2MjJjIiwiaXNzIjoiaHR0cHM6Ly9pZGVudGl0eS5pbmZpbml0ZS11cHRpbWUuY29tL3JlYWxtcy9pZGFwIiwic3ViIjoiZjo2MGNhNzY4Yy1iMTA0LTQ0OTktYjU4Yy05MzliOTdlNzAzM2Q6MTE4NDAiLCJ0eXAiOiJCZWFyZXIiLCJhenAiOiJpZGFwIiwic2Vzc2lvbl9zdGF0ZSI6ImM0OWRiNDMxLTkzYjQtNDI5YS1hOTUwLThkODhlODdmZTU4ZSIsImFsbG93ZWQtb3JpZ2lucyI6WyIqIl0sInNjb3BlIjoicHJvZmlsZSBlbWFpbCIsInNpZCI6ImM0OWRiNDMxLTkzYjQtNDI5YS1hOTUwLThkODhlODdmZTU4ZSIsImlzX2FkbWluIjoiZmFsc2UiLCJlbWFpbF92ZXJpZmllZCI6ZmFsc2UsIm5hbWUiOiJSaXNoYXYgUCIsImlkYXBfcm9sZSI6IlJPTEVfVVNFUiIsInByZWZlcnJlZF91c2VybmFtZSI6InJpc2hhdnByZWV0QGhpc2dyb3VwLmluIiwiZ2l2ZW5fbmFtZSI6IlJpc2hhdiIsImZhbWlseV9uYW1lIjoiUCIsImVtYWlsIjoicmlzaGF2cHJlZXRAaGlzZ3JvdXAuaW4ifQ.Nm0AE7tNwTcwpM4iYEO2L1Oo5HjmYnPb5Sp1FlXNcXaaiM2mwWC6JZ5xgTUJZLoHy_jvbvshchnRXzDLs_sKjMj3JubIa2Lp6FR0FBLa61IJq8hXJLReWUngjOaKk4PnqEu9lg-Uqwei_AJ8xksrEhJYyGPU0zdZlC7zXwyMjNMctDLIM0x3uGfwiykUYg-uo1dyt0plMEomb0HS-vu0bBKXwycoSJvVjSg9YS3UgYAJkDlxxBzaue-JUK6Uf1rERJjxX9FFZTTRweneTXwUeRTUGvrwitzkf18NjvofChen8dDWziMwPfO-5hwF9KctKzpcE4WbsrBnK8dhVsVR-w","refreshToken":"eyJhbGciOiJIUzI1NiIsInR5cCIgOiAiSldUIiwia2lkIiA6ICI3NjQ4ZmNiNC0xNTQ3LTQ3Y2EtYmZmZi0yYjY2M2E3NGE3YjgifQ.eyJleHAiOjE3MTM4OTkxMjIsImlhdCI6MTcxMzg1NTkyMiwianRpIjoiMmNmMDNlZjItODVkMC00ZjFlLWJmODYtNzkxOTBjYWY0NzQxIiwiaXNzIjoiaHR0cHM6Ly9pZGVudGl0eS5pbmZpbml0ZS11cHRpbWUuY29tL3JlYWxtcy9pZGFwIiwiYXVkIjoiaHR0cHM6Ly9pZGVudGl0eS5pbmZpbml0ZS11cHRpbWUuY29tL3JlYWxtcy9pZGFwIiwic3ViIjoiZjo2MGNhNzY4Yy1iMTA0LTQ0OTktYjU4Yy05MzliOTdlNzAzM2Q6MTE4NDAiLCJ0eXAiOiJSZWZyZXNoIiwiYXpwIjoiaWRhcCIsInNlc3Npb25fc3RhdGUiOiJjNDlkYjQzMS05M2I0LTQyOWEtYTk1MC04ZDg4ZTg3ZmU1OGUiLCJzY29wZSI6InByb2ZpbGUgZW1haWwiLCJzaWQiOiJjNDlkYjQzMS05M2I0LTQyOWEtYTk1MC04ZDg4ZTg3ZmU1OGUifQ.zQkwMGshIhIi8uBHYx_y1rCKPIahGdxshQ6vw-E4KY0"}}
2024-04-23 12:35:21,940 INFO     HIS_LOGS database       :52       Successful: accesstoken  data added to the database.
2024-04-23 12:35:21,942 ERROR    HIS_LOGS main           :160      Error while sending the Vibration data Expecting value: line 1 column 1 (char 0)
2024-04-23 12:35:21,945 INFO     HIS_LOGS main           :216      []
2024-04-23 12:35:28,523 INFO     HIS_LOGS main           :114      200
2024-04-23 12:35:28,523 INFO     HIS_LOGS main           :123      raw data is {'status': True, 'data': {'plantId': 1767, 'plantName': 'Al Dhafra Paper LLC', 'externalTableResponse': [{'externalTableData': {'00:30:11:78:A1:A6:01': [{'monitor_id': 1767, 'process_parameter_001_a': '4321B77C', 'device_identifier': '00:30:11:78:A1:A6:01', 'id': 539856, 'timestamp': '2024-04-01T12:13:28.000+00:00'}, {'monitor_id': 1767, 'process_parameter_001_a': '4321B9ED', 'device_identifier': '00:30:11:78:A1:A6:01', 'id': 539857, 'timestamp': '2024-04-01T12:13:28.000+00:00'}, {'monitor_id': 1767, 'process_parameter_001_a': '4321B77C', 'device_identifier': '00:30:11:78:A1:A6:01', 'id': 539858, 'timestamp': '2024-04-01T12:14:08.000+00:00'}, {'monitor_id': 1767, 'process_parameter_001_a': '4321B50B', 'device_identifier': '00:30:11:78:A1:A6:01', 'id': 539859, 'timestamp': '2024-04-01T12:14:09.000+00:00'}, {'monitor_id': 1767, 'process_parameter_001_a': '4321B29A', 'device_identifier': '00:30:11:78:A1:A6:01', 'id': 539860, 'timestamp': '2024-04-01T12:14:23.000+00:00'}, {'monitor_id': 1767, 'process_parameter_001_a': '4321B029', 'device_identifier': '00:30:11:78:A1:A6:01', 'id': 539861, 'timestamp': '2024-04-01T12:14:25.000+00:00'}, {'monitor_id': 1767, 'process_parameter_001_a': '4321ADB8', 'device_identifier': '00:30:11:78:A1:A6:01', 'id': 539862, 'timestamp': '2024-04-01T12:14:50.000+00:00'}, {'monitor_id': 1767, 'process_parameter_001_a': '4321AB47', 'device_identifier': '00:30:11:78:A1:A6:01', 'id': 539863, 'timestamp': '2024-04-01T12:14:51.000+00:00'}, {'monitor_id': 1767, 'process_parameter_001_a': '4321A665', 'device_identifier': '00:30:11:78:A1:A6:01', 'id': 539864, 'timestamp': '2024-04-01T12:16:50.000+00:00'}, {'monitor_id': 1767, 'process_parameter_001_a': '4321A3F4', 'device_identifier': '00:30:11:78:A1:A6:01', 'id': 539865, 'timestamp': '2024-04-01T12:16:53.000+00:00'}]}}, {'externalTableData': {'00:30:11:78:A1:A6:02': [{'monitor_id': 1767, 'process_parameter_001_b': '441A0000', 'device_identifier': '00:30:11:78:A1:A6:02', 'id': 678336, 'timestamp': '2024-04-01T12:13:15.000+00:00'}, {'monitor_id': 1767, 'process_parameter_001_b': '441A4000', 'device_identifier': '00:30:11:78:A1:A6:02', 'id': 678337, 'timestamp': '2024-04-01T12:13:18.000+00:00'}, {'monitor_id': 1767, 'process_parameter_001_b': '4419C000', 'device_identifier': '00:30:11:78:A1:A6:02', 'id': 678338, 'timestamp': '2024-04-01T12:13:20.000+00:00'}, {'monitor_id': 1767, 'process_parameter_001_b': '441A0000', 'device_identifier': '00:30:11:78:A1:A6:02', 'id': 678339, 'timestamp': '2024-04-01T12:13:22.000+00:00'}, {'monitor_id': 1767, 'process_parameter_001_b': '441A8000', 'device_identifier': '00:30:11:78:A1:A6:02', 'id': 678340, 'timestamp': '2024-04-01T12:13:24.000+00:00'}, {'monitor_id': 1767, 'process_parameter_001_b': '441A0000', 'device_identifier': '00:30:11:78:A1:A6:02', 'id': 678341, 'timestamp': '2024-04-01T12:13:26.000+00:00'}, {'monitor_id': 1767, 'process_parameter_001_b': '4419C000', 'device_identifier': '00:30:11:78:A1:A6:02', 'id': 678342, 'timestamp': '2024-04-01T12:13:27.000+00:00'}, {'monitor_id': 1767, 'process_parameter_001_b': '441A0000', 'device_identifier': '00:30:11:78:A1:A6:02', 'id': 678343, 'timestamp': '2024-04-01T12:13:28.000+00:00'}, {'monitor_id': 1767, 'process_parameter_001_b': '4419C000', 'device_identifier': '00:30:11:78:A1:A6:02', 'id': 678344, 'timestamp': '2024-04-01T12:13:30.000+00:00'}, {'monitor_id': 1767, 'process_parameter_001_b': '441A0000', 'device_identifier': '00:30:11:78:A1:A6:02', 'id': 678345, 'timestamp': '2024-04-01T12:13:30.000+00:00'}]}}, {'externalTableData': {'00:30:11:78:A1:A6:03': [{'monitor_id': 1767, 'process_parameter_001_c': '432EBBC8', 'device_identifier': '00:30:11:78:A1:A6:03', 'id': 73395, 'timestamp': '2024-04-01T12:13:19.000+00:00'}, {'monitor_id': 1767, 'process_parameter_001_c': '433023CA', 'device_identifier': '00:30:11:78:A1:A6:03', 'id': 73396, 'timestamp': '2024-04-01T12:13:44.000+00:00'}, {'monitor_id': 1767, 'process_parameter_001_c': '432E6068', 'device_identifier': '00:30:11:78:A1:A6:03', 'id': 73397, 'timestamp': '2024-04-01T12:14:03.000+00:00'}, {'monitor_id': 1767, 'process_parameter_001_c': '432E7040', 'device_identifier': '00:30:11:78:A1:A6:03', 'id': 73398, 'timestamp': '2024-04-01T12:14:26.000+00:00'}, {'monitor_id': 1767, 'process_parameter_001_c': '432F3F36', 'device_identifier': '00:30:11:78:A1:A6:03', 'id': 73399, 'timestamp': '2024-04-01T12:14:49.000+00:00'}, {'monitor_id': 1767, 'process_parameter_001_c': '432F2C31', 'device_identifier': '00:30:11:78:A1:A6:03', 'id': 73400, 'timestamp': '2024-04-01T12:15:10.000+00:00'}, {'monitor_id': 1767, 'process_parameter_001_c': '432F72CB', 'device_identifier': '00:30:11:78:A1:A6:03', 'id': 73401, 'timestamp': '2024-04-01T12:15:34.000+00:00'}, {'monitor_id': 1767, 'process_parameter_001_c': '432EF4D7', 'device_identifier': '00:30:11:78:A1:A6:03', 'id': 73402, 'timestamp': '2024-04-01T12:15:55.000+00:00'}, {'monitor_id': 1767, 'process_parameter_001_c': '432FA0C5', 'device_identifier': '00:30:11:78:A1:A6:03', 'id': 73403, 'timestamp': '2024-04-01T12:16:19.000+00:00'}, {'monitor_id': 1767, 'process_parameter_001_c': '4330A9CB', 'device_identifier': '00:30:11:78:A1:A6:03', 'id': 73404, 'timestamp': '2024-04-01T12:16:39.000+00:00'}]}}], 'area': {'areaId': 2015, 'areaName': 'Area1', 'machineGropus': {'machineGroupId': 3062, 'machineGroupName': 'Dryer Section 8', 'externalTableResponse': [{'externalTableData': {'00:30:11:78:A1:A6:11': [{'monitor_id': 1767, 'device_identifier': '00:30:11:78:A1:A6:11', 'id': 1521206, 'process_parameter_001_k': '409CB7B4', 'timestamp': '2024-04-01T12:13:15.000+00:00'}, {'monitor_id': 1767, 'device_identifier': '00:30:11:78:A1:A6:11', 'id': 1521207, 'process_parameter_001_k': '409CB4F8', 'timestamp': '2024-04-01T12:13:16.000+00:00'}, {'monitor_id': 1767, 'device_identifier': '00:30:11:78:A1:A6:11', 'id': 1521208, 'process_parameter_001_k': '409CB23C', 'timestamp': '2024-04-01T12:13:16.000+00:00'}, {'monitor_id': 1767, 'device_identifier': '00:30:11:78:A1:A6:11', 'id': 1521209, 'process_parameter_001_k': '409CAF80', 'timestamp': '2024-04-01T12:13:17.000+00:00'}, {'monitor_id': 1767, 'device_identifier': '00:30:11:78:A1:A6:11', 'id': 1521210, 'process_parameter_001_k': '409CACC4', 'timestamp': '2024-04-01T12:13:19.000+00:00'}, {'monitor_id': 1767, 'device_identifier': '00:30:11:78:A1:A6:11', 'id': 1521211, 'process_parameter_001_k': '409CAA08', 'timestamp': '2024-04-01T12:13:21.000+00:00'}, {'monitor_id': 1767, 'device_identifier': '00:30:11:78:A1:A6:11', 'id': 1521212, 'process_parameter_001_k': '409CA74C', 'timestamp': '2024-04-01T12:13:22.000+00:00'}, {'monitor_id': 1767, 'device_identifier': '00:30:11:78:A1:A6:11', 'id': 1521213, 'process_parameter_001_k': '409CA490', 'timestamp': '2024-04-01T12:13:22.000+00:00'}, {'monitor_id': 1767, 'device_identifier': '00:30:11:78:A1:A6:11', 'id': 1521214, 'process_parameter_001_k': '409CA1D4', 'timestamp': '2024-04-01T12:13:24.000+00:00'}, {'monitor_id': 1767, 'device_identifier': '00:30:11:78:A1:A6:11', 'id': 1521215, 'process_parameter_001_k': '409C9C5C', 'timestamp': '2024-04-01T12:13:25.000+00:00'}]}}], 'machines': []}}}}
2024-04-23 12:35:28,527 ERROR    HIS_LOGS main           :160      Error while sending the Vibration data string indices must be integers, not 'str'
2024-04-23 12:35:28,530 INFO     HIS_LOGS main           :216      []
2024-04-23 12:37:50,837 INFO     HIS_LOGS main           :114      401
2024-04-23 12:37:50,850 INFO     HIS_LOGS database       :52       Successful: accesstoken  data added to the database.
2024-04-23 12:37:51,142 INFO     HIS_LOGS main           :189      200
2024-04-23 12:37:51,156 INFO     HIS_LOGS database       :52       Successful: accesstoken  data added to the database.
2024-04-23 12:37:51,160 ERROR    HIS_LOGS main           :160      Error while sending the Vibration data Expecting value: line 1 column 1 (char 0)
2024-04-23 12:37:51,162 INFO     HIS_LOGS main           :213      []
2024-04-23 12:37:56,853 INFO     HIS_LOGS main           :114      200
2024-04-23 12:37:56,854 INFO     HIS_LOGS main           :123      raw data is {'status': True, 'data': {'plantId': 1767, 'plantName': 'Al Dhafra Paper LLC', 'externalTableResponse': [{'externalTableData': {'00:30:11:78:A1:A6:01': [{'monitor_id': 1767, 'process_parameter_001_a': '4321B77C', 'device_identifier': '00:30:11:78:A1:A6:01', 'id': 539856, 'timestamp': '2024-04-01T12:13:28.000+00:00'}, {'monitor_id': 1767, 'process_parameter_001_a': '4321B9ED', 'device_identifier': '00:30:11:78:A1:A6:01', 'id': 539857, 'timestamp': '2024-04-01T12:13:28.000+00:00'}, {'monitor_id': 1767, 'process_parameter_001_a': '4321B77C', 'device_identifier': '00:30:11:78:A1:A6:01', 'id': 539858, 'timestamp': '2024-04-01T12:14:08.000+00:00'}, {'monitor_id': 1767, 'process_parameter_001_a': '4321B50B', 'device_identifier': '00:30:11:78:A1:A6:01', 'id': 539859, 'timestamp': '2024-04-01T12:14:09.000+00:00'}, {'monitor_id': 1767, 'process_parameter_001_a': '4321B29A', 'device_identifier': '00:30:11:78:A1:A6:01', 'id': 539860, 'timestamp': '2024-04-01T12:14:23.000+00:00'}, {'monitor_id': 1767, 'process_parameter_001_a': '4321B029', 'device_identifier': '00:30:11:78:A1:A6:01', 'id': 539861, 'timestamp': '2024-04-01T12:14:25.000+00:00'}, {'monitor_id': 1767, 'process_parameter_001_a': '4321ADB8', 'device_identifier': '00:30:11:78:A1:A6:01', 'id': 539862, 'timestamp': '2024-04-01T12:14:50.000+00:00'}, {'monitor_id': 1767, 'process_parameter_001_a': '4321AB47', 'device_identifier': '00:30:11:78:A1:A6:01', 'id': 539863, 'timestamp': '2024-04-01T12:14:51.000+00:00'}, {'monitor_id': 1767, 'process_parameter_001_a': '4321A665', 'device_identifier': '00:30:11:78:A1:A6:01', 'id': 539864, 'timestamp': '2024-04-01T12:16:50.000+00:00'}, {'monitor_id': 1767, 'process_parameter_001_a': '4321A3F4', 'device_identifier': '00:30:11:78:A1:A6:01', 'id': 539865, 'timestamp': '2024-04-01T12:16:53.000+00:00'}]}}, {'externalTableData': {'00:30:11:78:A1:A6:02': [{'monitor_id': 1767, 'process_parameter_001_b': '441A0000', 'device_identifier': '00:30:11:78:A1:A6:02', 'id': 678336, 'timestamp': '2024-04-01T12:13:15.000+00:00'}, {'monitor_id': 1767, 'process_parameter_001_b': '441A4000', 'device_identifier': '00:30:11:78:A1:A6:02', 'id': 678337, 'timestamp': '2024-04-01T12:13:18.000+00:00'}, {'monitor_id': 1767, 'process_parameter_001_b': '4419C000', 'device_identifier': '00:30:11:78:A1:A6:02', 'id': 678338, 'timestamp': '2024-04-01T12:13:20.000+00:00'}, {'monitor_id': 1767, 'process_parameter_001_b': '441A0000', 'device_identifier': '00:30:11:78:A1:A6:02', 'id': 678339, 'timestamp': '2024-04-01T12:13:22.000+00:00'}, {'monitor_id': 1767, 'process_parameter_001_b': '441A8000', 'device_identifier': '00:30:11:78:A1:A6:02', 'id': 678340, 'timestamp': '2024-04-01T12:13:24.000+00:00'}, {'monitor_id': 1767, 'process_parameter_001_b': '441A0000', 'device_identifier': '00:30:11:78:A1:A6:02', 'id': 678341, 'timestamp': '2024-04-01T12:13:26.000+00:00'}, {'monitor_id': 1767, 'process_parameter_001_b': '4419C000', 'device_identifier': '00:30:11:78:A1:A6:02', 'id': 678342, 'timestamp': '2024-04-01T12:13:27.000+00:00'}, {'monitor_id': 1767, 'process_parameter_001_b': '441A0000', 'device_identifier': '00:30:11:78:A1:A6:02', 'id': 678343, 'timestamp': '2024-04-01T12:13:28.000+00:00'}, {'monitor_id': 1767, 'process_parameter_001_b': '4419C000', 'device_identifier': '00:30:11:78:A1:A6:02', 'id': 678344, 'timestamp': '2024-04-01T12:13:30.000+00:00'}, {'monitor_id': 1767, 'process_parameter_001_b': '441A0000', 'device_identifier': '00:30:11:78:A1:A6:02', 'id': 678345, 'timestamp': '2024-04-01T12:13:30.000+00:00'}]}}, {'externalTableData': {'00:30:11:78:A1:A6:03': [{'monitor_id': 1767, 'process_parameter_001_c': '432EBBC8', 'device_identifier': '00:30:11:78:A1:A6:03', 'id': 73395, 'timestamp': '2024-04-01T12:13:19.000+00:00'}, {'monitor_id': 1767, 'process_parameter_001_c': '433023CA', 'device_identifier': '00:30:11:78:A1:A6:03', 'id': 73396, 'timestamp': '2024-04-01T12:13:44.000+00:00'}, {'monitor_id': 1767, 'process_parameter_001_c': '432E6068', 'device_identifier': '00:30:11:78:A1:A6:03', 'id': 73397, 'timestamp': '2024-04-01T12:14:03.000+00:00'}, {'monitor_id': 1767, 'process_parameter_001_c': '432E7040', 'device_identifier': '00:30:11:78:A1:A6:03', 'id': 73398, 'timestamp': '2024-04-01T12:14:26.000+00:00'}, {'monitor_id': 1767, 'process_parameter_001_c': '432F3F36', 'device_identifier': '00:30:11:78:A1:A6:03', 'id': 73399, 'timestamp': '2024-04-01T12:14:49.000+00:00'}, {'monitor_id': 1767, 'process_parameter_001_c': '432F2C31', 'device_identifier': '00:30:11:78:A1:A6:03', 'id': 73400, 'timestamp': '2024-04-01T12:15:10.000+00:00'}, {'monitor_id': 1767, 'process_parameter_001_c': '432F72CB', 'device_identifier': '00:30:11:78:A1:A6:03', 'id': 73401, 'timestamp': '2024-04-01T12:15:34.000+00:00'}, {'monitor_id': 1767, 'process_parameter_001_c': '432EF4D7', 'device_identifier': '00:30:11:78:A1:A6:03', 'id': 73402, 'timestamp': '2024-04-01T12:15:55.000+00:00'}, {'monitor_id': 1767, 'process_parameter_001_c': '432FA0C5', 'device_identifier': '00:30:11:78:A1:A6:03', 'id': 73403, 'timestamp': '2024-04-01T12:16:19.000+00:00'}, {'monitor_id': 1767, 'process_parameter_001_c': '4330A9CB', 'device_identifier': '00:30:11:78:A1:A6:03', 'id': 73404, 'timestamp': '2024-04-01T12:16:39.000+00:00'}]}}], 'area': {'areaId': 2015, 'areaName': 'Area1', 'machineGropus': {'machineGroupId': 3062, 'machineGroupName': 'Dryer Section 8', 'externalTableResponse': [{'externalTableData': {'00:30:11:78:A1:A6:11': [{'monitor_id': 1767, 'device_identifier': '00:30:11:78:A1:A6:11', 'id': 1521206, 'process_parameter_001_k': '409CB7B4', 'timestamp': '2024-04-01T12:13:15.000+00:00'}, {'monitor_id': 1767, 'device_identifier': '00:30:11:78:A1:A6:11', 'id': 1521207, 'process_parameter_001_k': '409CB4F8', 'timestamp': '2024-04-01T12:13:16.000+00:00'}, {'monitor_id': 1767, 'device_identifier': '00:30:11:78:A1:A6:11', 'id': 1521208, 'process_parameter_001_k': '409CB23C', 'timestamp': '2024-04-01T12:13:16.000+00:00'}, {'monitor_id': 1767, 'device_identifier': '00:30:11:78:A1:A6:11', 'id': 1521209, 'process_parameter_001_k': '409CAF80', 'timestamp': '2024-04-01T12:13:17.000+00:00'}, {'monitor_id': 1767, 'device_identifier': '00:30:11:78:A1:A6:11', 'id': 1521210, 'process_parameter_001_k': '409CACC4', 'timestamp': '2024-04-01T12:13:19.000+00:00'}, {'monitor_id': 1767, 'device_identifier': '00:30:11:78:A1:A6:11', 'id': 1521211, 'process_parameter_001_k': '409CAA08', 'timestamp': '2024-04-01T12:13:21.000+00:00'}, {'monitor_id': 1767, 'device_identifier': '00:30:11:78:A1:A6:11', 'id': 1521212, 'process_parameter_001_k': '409CA74C', 'timestamp': '2024-04-01T12:13:22.000+00:00'}, {'monitor_id': 1767, 'device_identifier': '00:30:11:78:A1:A6:11', 'id': 1521213, 'process_parameter_001_k': '409CA490', 'timestamp': '2024-04-01T12:13:22.000+00:00'}, {'monitor_id': 1767, 'device_identifier': '00:30:11:78:A1:A6:11', 'id': 1521214, 'process_parameter_001_k': '409CA1D4', 'timestamp': '2024-04-01T12:13:24.000+00:00'}, {'monitor_id': 1767, 'device_identifier': '00:30:11:78:A1:A6:11', 'id': 1521215, 'process_parameter_001_k': '409C9C5C', 'timestamp': '2024-04-01T12:13:25.000+00:00'}]}}], 'machines': []}}}}
2024-04-23 12:37:56,855 ERROR    HIS_LOGS main           :160      Error while sending the Vibration data string indices must be integers, not 'str'
2024-04-23 12:37:56,857 INFO     HIS_LOGS main           :213      []
2024-04-23 12:38:02,691 INFO     HIS_LOGS main           :114      200
2024-04-23 12:38:02,692 INFO     HIS_LOGS main           :123      raw data is {'status': True, 'data': {'plantId': 1767, 'plantName': 'Al Dhafra Paper LLC', 'externalTableResponse': [{'externalTableData': {'00:30:11:78:A1:A6:01': [{'monitor_id': 1767, 'process_parameter_001_a': '4321B77C', 'device_identifier': '00:30:11:78:A1:A6:01', 'id': 539856, 'timestamp': '2024-04-01T12:13:28.000+00:00'}, {'monitor_id': 1767, 'process_parameter_001_a': '4321B9ED', 'device_identifier': '00:30:11:78:A1:A6:01', 'id': 539857, 'timestamp': '2024-04-01T12:13:28.000+00:00'}, {'monitor_id': 1767, 'process_parameter_001_a': '4321B77C', 'device_identifier': '00:30:11:78:A1:A6:01', 'id': 539858, 'timestamp': '2024-04-01T12:14:08.000+00:00'}, {'monitor_id': 1767, 'process_parameter_001_a': '4321B50B', 'device_identifier': '00:30:11:78:A1:A6:01', 'id': 539859, 'timestamp': '2024-04-01T12:14:09.000+00:00'}, {'monitor_id': 1767, 'process_parameter_001_a': '4321B29A', 'device_identifier': '00:30:11:78:A1:A6:01', 'id': 539860, 'timestamp': '2024-04-01T12:14:23.000+00:00'}, {'monitor_id': 1767, 'process_parameter_001_a': '4321B029', 'device_identifier': '00:30:11:78:A1:A6:01', 'id': 539861, 'timestamp': '2024-04-01T12:14:25.000+00:00'}, {'monitor_id': 1767, 'process_parameter_001_a': '4321ADB8', 'device_identifier': '00:30:11:78:A1:A6:01', 'id': 539862, 'timestamp': '2024-04-01T12:14:50.000+00:00'}, {'monitor_id': 1767, 'process_parameter_001_a': '4321AB47', 'device_identifier': '00:30:11:78:A1:A6:01', 'id': 539863, 'timestamp': '2024-04-01T12:14:51.000+00:00'}, {'monitor_id': 1767, 'process_parameter_001_a': '4321A665', 'device_identifier': '00:30:11:78:A1:A6:01', 'id': 539864, 'timestamp': '2024-04-01T12:16:50.000+00:00'}, {'monitor_id': 1767, 'process_parameter_001_a': '4321A3F4', 'device_identifier': '00:30:11:78:A1:A6:01', 'id': 539865, 'timestamp': '2024-04-01T12:16:53.000+00:00'}]}}, {'externalTableData': {'00:30:11:78:A1:A6:02': [{'monitor_id': 1767, 'process_parameter_001_b': '441A0000', 'device_identifier': '00:30:11:78:A1:A6:02', 'id': 678336, 'timestamp': '2024-04-01T12:13:15.000+00:00'}, {'monitor_id': 1767, 'process_parameter_001_b': '441A4000', 'device_identifier': '00:30:11:78:A1:A6:02', 'id': 678337, 'timestamp': '2024-04-01T12:13:18.000+00:00'}, {'monitor_id': 1767, 'process_parameter_001_b': '4419C000', 'device_identifier': '00:30:11:78:A1:A6:02', 'id': 678338, 'timestamp': '2024-04-01T12:13:20.000+00:00'}, {'monitor_id': 1767, 'process_parameter_001_b': '441A0000', 'device_identifier': '00:30:11:78:A1:A6:02', 'id': 678339, 'timestamp': '2024-04-01T12:13:22.000+00:00'}, {'monitor_id': 1767, 'process_parameter_001_b': '441A8000', 'device_identifier': '00:30:11:78:A1:A6:02', 'id': 678340, 'timestamp': '2024-04-01T12:13:24.000+00:00'}, {'monitor_id': 1767, 'process_parameter_001_b': '441A0000', 'device_identifier': '00:30:11:78:A1:A6:02', 'id': 678341, 'timestamp': '2024-04-01T12:13:26.000+00:00'}, {'monitor_id': 1767, 'process_parameter_001_b': '4419C000', 'device_identifier': '00:30:11:78:A1:A6:02', 'id': 678342, 'timestamp': '2024-04-01T12:13:27.000+00:00'}, {'monitor_id': 1767, 'process_parameter_001_b': '441A0000', 'device_identifier': '00:30:11:78:A1:A6:02', 'id': 678343, 'timestamp': '2024-04-01T12:13:28.000+00:00'}, {'monitor_id': 1767, 'process_parameter_001_b': '4419C000', 'device_identifier': '00:30:11:78:A1:A6:02', 'id': 678344, 'timestamp': '2024-04-01T12:13:30.000+00:00'}, {'monitor_id': 1767, 'process_parameter_001_b': '441A0000', 'device_identifier': '00:30:11:78:A1:A6:02', 'id': 678345, 'timestamp': '2024-04-01T12:13:30.000+00:00'}]}}, {'externalTableData': {'00:30:11:78:A1:A6:03': [{'monitor_id': 1767, 'process_parameter_001_c': '432EBBC8', 'device_identifier': '00:30:11:78:A1:A6:03', 'id': 73395, 'timestamp': '2024-04-01T12:13:19.000+00:00'}, {'monitor_id': 1767, 'process_parameter_001_c': '433023CA', 'device_identifier': '00:30:11:78:A1:A6:03', 'id': 73396, 'timestamp': '2024-04-01T12:13:44.000+00:00'}, {'monitor_id': 1767, 'process_parameter_001_c': '432E6068', 'device_identifier': '00:30:11:78:A1:A6:03', 'id': 73397, 'timestamp': '2024-04-01T12:14:03.000+00:00'}, {'monitor_id': 1767, 'process_parameter_001_c': '432E7040', 'device_identifier': '00:30:11:78:A1:A6:03', 'id': 73398, 'timestamp': '2024-04-01T12:14:26.000+00:00'}, {'monitor_id': 1767, 'process_parameter_001_c': '432F3F36', 'device_identifier': '00:30:11:78:A1:A6:03', 'id': 73399, 'timestamp': '2024-04-01T12:14:49.000+00:00'}, {'monitor_id': 1767, 'process_parameter_001_c': '432F2C31', 'device_identifier': '00:30:11:78:A1:A6:03', 'id': 73400, 'timestamp': '2024-04-01T12:15:10.000+00:00'}, {'monitor_id': 1767, 'process_parameter_001_c': '432F72CB', 'device_identifier': '00:30:11:78:A1:A6:03', 'id': 73401, 'timestamp': '2024-04-01T12:15:34.000+00:00'}, {'monitor_id': 1767, 'process_parameter_001_c': '432EF4D7', 'device_identifier': '00:30:11:78:A1:A6:03', 'id': 73402, 'timestamp': '2024-04-01T12:15:55.000+00:00'}, {'monitor_id': 1767, 'process_parameter_001_c': '432FA0C5', 'device_identifier': '00:30:11:78:A1:A6:03', 'id': 73403, 'timestamp': '2024-04-01T12:16:19.000+00:00'}, {'monitor_id': 1767, 'process_parameter_001_c': '4330A9CB', 'device_identifier': '00:30:11:78:A1:A6:03', 'id': 73404, 'timestamp': '2024-04-01T12:16:39.000+00:00'}]}}], 'area': {'areaId': 2015, 'areaName': 'Area1', 'machineGropus': {'machineGroupId': 3062, 'machineGroupName': 'Dryer Section 8', 'externalTableResponse': [{'externalTableData': {'00:30:11:78:A1:A6:11': [{'monitor_id': 1767, 'device_identifier': '00:30:11:78:A1:A6:11', 'id': 1521206, 'process_parameter_001_k': '409CB7B4', 'timestamp': '2024-04-01T12:13:15.000+00:00'}, {'monitor_id': 1767, 'device_identifier': '00:30:11:78:A1:A6:11', 'id': 1521207, 'process_parameter_001_k': '409CB4F8', 'timestamp': '2024-04-01T12:13:16.000+00:00'}, {'monitor_id': 1767, 'device_identifier': '00:30:11:78:A1:A6:11', 'id': 1521208, 'process_parameter_001_k': '409CB23C', 'timestamp': '2024-04-01T12:13:16.000+00:00'}, {'monitor_id': 1767, 'device_identifier': '00:30:11:78:A1:A6:11', 'id': 1521209, 'process_parameter_001_k': '409CAF80', 'timestamp': '2024-04-01T12:13:17.000+00:00'}, {'monitor_id': 1767, 'device_identifier': '00:30:11:78:A1:A6:11', 'id': 1521210, 'process_parameter_001_k': '409CACC4', 'timestamp': '2024-04-01T12:13:19.000+00:00'}, {'monitor_id': 1767, 'device_identifier': '00:30:11:78:A1:A6:11', 'id': 1521211, 'process_parameter_001_k': '409CAA08', 'timestamp': '2024-04-01T12:13:21.000+00:00'}, {'monitor_id': 1767, 'device_identifier': '00:30:11:78:A1:A6:11', 'id': 1521212, 'process_parameter_001_k': '409CA74C', 'timestamp': '2024-04-01T12:13:22.000+00:00'}, {'monitor_id': 1767, 'device_identifier': '00:30:11:78:A1:A6:11', 'id': 1521213, 'process_parameter_001_k': '409CA490', 'timestamp': '2024-04-01T12:13:22.000+00:00'}, {'monitor_id': 1767, 'device_identifier': '00:30:11:78:A1:A6:11', 'id': 1521214, 'process_parameter_001_k': '409CA1D4', 'timestamp': '2024-04-01T12:13:24.000+00:00'}, {'monitor_id': 1767, 'device_identifier': '00:30:11:78:A1:A6:11', 'id': 1521215, 'process_parameter_001_k': '409C9C5C', 'timestamp': '2024-04-01T12:13:25.000+00:00'}]}}], 'machines': []}}}}
2024-04-23 12:38:02,695 ERROR    HIS_LOGS main           :160      Error while sending the Vibration data string indices must be integers, not 'str'
2024-04-23 12:38:02,697 INFO     HIS_LOGS main           :213      []
2024-04-23 12:39:46,416 INFO     HIS_LOGS main           :114      401
2024-04-23 12:39:46,422 INFO     HIS_LOGS database       :52       Successful: accesstoken  data added to the database.
2024-04-23 12:39:46,714 INFO     HIS_LOGS main           :190      200
2024-04-23 12:39:46,719 INFO     HIS_LOGS database       :52       Successful: accesstoken  data added to the database.
2024-04-23 12:39:46,723 ERROR    HIS_LOGS main           :161      Error while getting the API data Expecting value: line 1 column 1 (char 0)
2024-04-23 12:39:46,726 INFO     HIS_LOGS main           :214      []
2024-04-23 12:39:52,869 INFO     HIS_LOGS main           :114      200
2024-04-23 12:39:52,869 INFO     HIS_LOGS main           :128      raw data is [{'externalTableData': {'00:30:11:78:A1:A6:01': [{'monitor_id': 1767, 'process_parameter_001_a': '4321B77C', 'device_identifier': '00:30:11:78:A1:A6:01', 'id': 539856, 'timestamp': '2024-04-01T12:13:28.000+00:00'}, {'monitor_id': 1767, 'process_parameter_001_a': '4321B9ED', 'device_identifier': '00:30:11:78:A1:A6:01', 'id': 539857, 'timestamp': '2024-04-01T12:13:28.000+00:00'}, {'monitor_id': 1767, 'process_parameter_001_a': '4321B77C', 'device_identifier': '00:30:11:78:A1:A6:01', 'id': 539858, 'timestamp': '2024-04-01T12:14:08.000+00:00'}, {'monitor_id': 1767, 'process_parameter_001_a': '4321B50B', 'device_identifier': '00:30:11:78:A1:A6:01', 'id': 539859, 'timestamp': '2024-04-01T12:14:09.000+00:00'}, {'monitor_id': 1767, 'process_parameter_001_a': '4321B29A', 'device_identifier': '00:30:11:78:A1:A6:01', 'id': 539860, 'timestamp': '2024-04-01T12:14:23.000+00:00'}, {'monitor_id': 1767, 'process_parameter_001_a': '4321B029', 'device_identifier': '00:30:11:78:A1:A6:01', 'id': 539861, 'timestamp': '2024-04-01T12:14:25.000+00:00'}, {'monitor_id': 1767, 'process_parameter_001_a': '4321ADB8', 'device_identifier': '00:30:11:78:A1:A6:01', 'id': 539862, 'timestamp': '2024-04-01T12:14:50.000+00:00'}, {'monitor_id': 1767, 'process_parameter_001_a': '4321AB47', 'device_identifier': '00:30:11:78:A1:A6:01', 'id': 539863, 'timestamp': '2024-04-01T12:14:51.000+00:00'}, {'monitor_id': 1767, 'process_parameter_001_a': '4321A665', 'device_identifier': '00:30:11:78:A1:A6:01', 'id': 539864, 'timestamp': '2024-04-01T12:16:50.000+00:00'}, {'monitor_id': 1767, 'process_parameter_001_a': '4321A3F4', 'device_identifier': '00:30:11:78:A1:A6:01', 'id': 539865, 'timestamp': '2024-04-01T12:16:53.000+00:00'}]}}, {'externalTableData': {'00:30:11:78:A1:A6:02': [{'monitor_id': 1767, 'process_parameter_001_b': '441A0000', 'device_identifier': '00:30:11:78:A1:A6:02', 'id': 678336, 'timestamp': '2024-04-01T12:13:15.000+00:00'}, {'monitor_id': 1767, 'process_parameter_001_b': '441A4000', 'device_identifier': '00:30:11:78:A1:A6:02', 'id': 678337, 'timestamp': '2024-04-01T12:13:18.000+00:00'}, {'monitor_id': 1767, 'process_parameter_001_b': '4419C000', 'device_identifier': '00:30:11:78:A1:A6:02', 'id': 678338, 'timestamp': '2024-04-01T12:13:20.000+00:00'}, {'monitor_id': 1767, 'process_parameter_001_b': '441A0000', 'device_identifier': '00:30:11:78:A1:A6:02', 'id': 678339, 'timestamp': '2024-04-01T12:13:22.000+00:00'}, {'monitor_id': 1767, 'process_parameter_001_b': '441A8000', 'device_identifier': '00:30:11:78:A1:A6:02', 'id': 678340, 'timestamp': '2024-04-01T12:13:24.000+00:00'}, {'monitor_id': 1767, 'process_parameter_001_b': '441A0000', 'device_identifier': '00:30:11:78:A1:A6:02', 'id': 678341, 'timestamp': '2024-04-01T12:13:26.000+00:00'}, {'monitor_id': 1767, 'process_parameter_001_b': '4419C000', 'device_identifier': '00:30:11:78:A1:A6:02', 'id': 678342, 'timestamp': '2024-04-01T12:13:27.000+00:00'}, {'monitor_id': 1767, 'process_parameter_001_b': '441A0000', 'device_identifier': '00:30:11:78:A1:A6:02', 'id': 678343, 'timestamp': '2024-04-01T12:13:28.000+00:00'}, {'monitor_id': 1767, 'process_parameter_001_b': '4419C000', 'device_identifier': '00:30:11:78:A1:A6:02', 'id': 678344, 'timestamp': '2024-04-01T12:13:30.000+00:00'}, {'monitor_id': 1767, 'process_parameter_001_b': '441A0000', 'device_identifier': '00:30:11:78:A1:A6:02', 'id': 678345, 'timestamp': '2024-04-01T12:13:30.000+00:00'}]}}, {'externalTableData': {'00:30:11:78:A1:A6:03': [{'monitor_id': 1767, 'process_parameter_001_c': '432EBBC8', 'device_identifier': '00:30:11:78:A1:A6:03', 'id': 73395, 'timestamp': '2024-04-01T12:13:19.000+00:00'}, {'monitor_id': 1767, 'process_parameter_001_c': '433023CA', 'device_identifier': '00:30:11:78:A1:A6:03', 'id': 73396, 'timestamp': '2024-04-01T12:13:44.000+00:00'}, {'monitor_id': 1767, 'process_parameter_001_c': '432E6068', 'device_identifier': '00:30:11:78:A1:A6:03', 'id': 73397, 'timestamp': '2024-04-01T12:14:03.000+00:00'}, {'monitor_id': 1767, 'process_parameter_001_c': '432E7040', 'device_identifier': '00:30:11:78:A1:A6:03', 'id': 73398, 'timestamp': '2024-04-01T12:14:26.000+00:00'}, {'monitor_id': 1767, 'process_parameter_001_c': '432F3F36', 'device_identifier': '00:30:11:78:A1:A6:03', 'id': 73399, 'timestamp': '2024-04-01T12:14:49.000+00:00'}, {'monitor_id': 1767, 'process_parameter_001_c': '432F2C31', 'device_identifier': '00:30:11:78:A1:A6:03', 'id': 73400, 'timestamp': '2024-04-01T12:15:10.000+00:00'}, {'monitor_id': 1767, 'process_parameter_001_c': '432F72CB', 'device_identifier': '00:30:11:78:A1:A6:03', 'id': 73401, 'timestamp': '2024-04-01T12:15:34.000+00:00'}, {'monitor_id': 1767, 'process_parameter_001_c': '432EF4D7', 'device_identifier': '00:30:11:78:A1:A6:03', 'id': 73402, 'timestamp': '2024-04-01T12:15:55.000+00:00'}, {'monitor_id': 1767, 'process_parameter_001_c': '432FA0C5', 'device_identifier': '00:30:11:78:A1:A6:03', 'id': 73403, 'timestamp': '2024-04-01T12:16:19.000+00:00'}, {'monitor_id': 1767, 'process_parameter_001_c': '4330A9CB', 'device_identifier': '00:30:11:78:A1:A6:03', 'id': 73404, 'timestamp': '2024-04-01T12:16:39.000+00:00'}]}}]
2024-04-23 12:39:52,870 ERROR    HIS_LOGS main           :161      Error while getting the API data string indices must be integers, not 'str'
2024-04-23 12:39:52,872 INFO     HIS_LOGS main           :214      []
2024-04-23 12:39:58,958 INFO     HIS_LOGS main           :114      200
2024-04-23 12:39:58,958 INFO     HIS_LOGS main           :128      raw data is [{'externalTableData': {'00:30:11:78:A1:A6:01': [{'monitor_id': 1767, 'process_parameter_001_a': '4321B77C', 'device_identifier': '00:30:11:78:A1:A6:01', 'id': 539856, 'timestamp': '2024-04-01T12:13:28.000+00:00'}, {'monitor_id': 1767, 'process_parameter_001_a': '4321B9ED', 'device_identifier': '00:30:11:78:A1:A6:01', 'id': 539857, 'timestamp': '2024-04-01T12:13:28.000+00:00'}, {'monitor_id': 1767, 'process_parameter_001_a': '4321B77C', 'device_identifier': '00:30:11:78:A1:A6:01', 'id': 539858, 'timestamp': '2024-04-01T12:14:08.000+00:00'}, {'monitor_id': 1767, 'process_parameter_001_a': '4321B50B', 'device_identifier': '00:30:11:78:A1:A6:01', 'id': 539859, 'timestamp': '2024-04-01T12:14:09.000+00:00'}, {'monitor_id': 1767, 'process_parameter_001_a': '4321B29A', 'device_identifier': '00:30:11:78:A1:A6:01', 'id': 539860, 'timestamp': '2024-04-01T12:14:23.000+00:00'}, {'monitor_id': 1767, 'process_parameter_001_a': '4321B029', 'device_identifier': '00:30:11:78:A1:A6:01', 'id': 539861, 'timestamp': '2024-04-01T12:14:25.000+00:00'}, {'monitor_id': 1767, 'process_parameter_001_a': '4321ADB8', 'device_identifier': '00:30:11:78:A1:A6:01', 'id': 539862, 'timestamp': '2024-04-01T12:14:50.000+00:00'}, {'monitor_id': 1767, 'process_parameter_001_a': '4321AB47', 'device_identifier': '00:30:11:78:A1:A6:01', 'id': 539863, 'timestamp': '2024-04-01T12:14:51.000+00:00'}, {'monitor_id': 1767, 'process_parameter_001_a': '4321A665', 'device_identifier': '00:30:11:78:A1:A6:01', 'id': 539864, 'timestamp': '2024-04-01T12:16:50.000+00:00'}, {'monitor_id': 1767, 'process_parameter_001_a': '4321A3F4', 'device_identifier': '00:30:11:78:A1:A6:01', 'id': 539865, 'timestamp': '2024-04-01T12:16:53.000+00:00'}]}}, {'externalTableData': {'00:30:11:78:A1:A6:02': [{'monitor_id': 1767, 'process_parameter_001_b': '441A0000', 'device_identifier': '00:30:11:78:A1:A6:02', 'id': 678336, 'timestamp': '2024-04-01T12:13:15.000+00:00'}, {'monitor_id': 1767, 'process_parameter_001_b': '441A4000', 'device_identifier': '00:30:11:78:A1:A6:02', 'id': 678337, 'timestamp': '2024-04-01T12:13:18.000+00:00'}, {'monitor_id': 1767, 'process_parameter_001_b': '4419C000', 'device_identifier': '00:30:11:78:A1:A6:02', 'id': 678338, 'timestamp': '2024-04-01T12:13:20.000+00:00'}, {'monitor_id': 1767, 'process_parameter_001_b': '441A0000', 'device_identifier': '00:30:11:78:A1:A6:02', 'id': 678339, 'timestamp': '2024-04-01T12:13:22.000+00:00'}, {'monitor_id': 1767, 'process_parameter_001_b': '441A8000', 'device_identifier': '00:30:11:78:A1:A6:02', 'id': 678340, 'timestamp': '2024-04-01T12:13:24.000+00:00'}, {'monitor_id': 1767, 'process_parameter_001_b': '441A0000', 'device_identifier': '00:30:11:78:A1:A6:02', 'id': 678341, 'timestamp': '2024-04-01T12:13:26.000+00:00'}, {'monitor_id': 1767, 'process_parameter_001_b': '4419C000', 'device_identifier': '00:30:11:78:A1:A6:02', 'id': 678342, 'timestamp': '2024-04-01T12:13:27.000+00:00'}, {'monitor_id': 1767, 'process_parameter_001_b': '441A0000', 'device_identifier': '00:30:11:78:A1:A6:02', 'id': 678343, 'timestamp': '2024-04-01T12:13:28.000+00:00'}, {'monitor_id': 1767, 'process_parameter_001_b': '4419C000', 'device_identifier': '00:30:11:78:A1:A6:02', 'id': 678344, 'timestamp': '2024-04-01T12:13:30.000+00:00'}, {'monitor_id': 1767, 'process_parameter_001_b': '441A0000', 'device_identifier': '00:30:11:78:A1:A6:02', 'id': 678345, 'timestamp': '2024-04-01T12:13:30.000+00:00'}]}}, {'externalTableData': {'00:30:11:78:A1:A6:03': [{'monitor_id': 1767, 'process_parameter_001_c': '432EBBC8', 'device_identifier': '00:30:11:78:A1:A6:03', 'id': 73395, 'timestamp': '2024-04-01T12:13:19.000+00:00'}, {'monitor_id': 1767, 'process_parameter_001_c': '433023CA', 'device_identifier': '00:30:11:78:A1:A6:03', 'id': 73396, 'timestamp': '2024-04-01T12:13:44.000+00:00'}, {'monitor_id': 1767, 'process_parameter_001_c': '432E6068', 'device_identifier': '00:30:11:78:A1:A6:03', 'id': 73397, 'timestamp': '2024-04-01T12:14:03.000+00:00'}, {'monitor_id': 1767, 'process_parameter_001_c': '432E7040', 'device_identifier': '00:30:11:78:A1:A6:03', 'id': 73398, 'timestamp': '2024-04-01T12:14:26.000+00:00'}, {'monitor_id': 1767, 'process_parameter_001_c': '432F3F36', 'device_identifier': '00:30:11:78:A1:A6:03', 'id': 73399, 'timestamp': '2024-04-01T12:14:49.000+00:00'}, {'monitor_id': 1767, 'process_parameter_001_c': '432F2C31', 'device_identifier': '00:30:11:78:A1:A6:03', 'id': 73400, 'timestamp': '2024-04-01T12:15:10.000+00:00'}, {'monitor_id': 1767, 'process_parameter_001_c': '432F72CB', 'device_identifier': '00:30:11:78:A1:A6:03', 'id': 73401, 'timestamp': '2024-04-01T12:15:34.000+00:00'}, {'monitor_id': 1767, 'process_parameter_001_c': '432EF4D7', 'device_identifier': '00:30:11:78:A1:A6:03', 'id': 73402, 'timestamp': '2024-04-01T12:15:55.000+00:00'}, {'monitor_id': 1767, 'process_parameter_001_c': '432FA0C5', 'device_identifier': '00:30:11:78:A1:A6:03', 'id': 73403, 'timestamp': '2024-04-01T12:16:19.000+00:00'}, {'monitor_id': 1767, 'process_parameter_001_c': '4330A9CB', 'device_identifier': '00:30:11:78:A1:A6:03', 'id': 73404, 'timestamp': '2024-04-01T12:16:39.000+00:00'}]}}]
2024-04-23 12:39:58,959 ERROR    HIS_LOGS main           :161      Error while getting the API data string indices must be integers, not 'str'
2024-04-23 12:39:58,961 INFO     HIS_LOGS main           :214      []
2024-04-23 12:40:17,061 INFO     HIS_LOGS main           :114      401
2024-04-23 12:40:17,066 INFO     HIS_LOGS database       :52       Successful: accesstoken  data added to the database.
2024-04-23 12:40:17,361 INFO     HIS_LOGS main           :190      200
2024-04-23 12:40:17,365 INFO     HIS_LOGS database       :52       Successful: accesstoken  data added to the database.
2024-04-23 12:40:17,368 ERROR    HIS_LOGS main           :161      Error while getting the API data Expecting value: line 1 column 1 (char 0)
2024-04-23 12:40:17,371 INFO     HIS_LOGS main           :214      []
2024-04-23 12:40:23,445 INFO     HIS_LOGS main           :114      200
2024-04-23 12:40:23,446 ERROR    HIS_LOGS main           :161      Error while getting the API data string indices must be integers, not 'str'
2024-04-23 12:40:23,448 INFO     HIS_LOGS main           :214      []
2024-04-23 12:40:59,779 INFO     HIS_LOGS main           :114      401
2024-04-23 12:40:59,784 INFO     HIS_LOGS database       :52       Successful: accesstoken  data added to the database.
2024-04-23 12:41:00,078 INFO     HIS_LOGS main           :190      200
2024-04-23 12:41:00,083 INFO     HIS_LOGS database       :52       Successful: accesstoken  data added to the database.
2024-04-23 12:41:00,086 ERROR    HIS_LOGS main           :161      Error while getting the API data Expecting value: line 1 column 1 (char 0)
2024-04-23 12:41:00,089 INFO     HIS_LOGS main           :214      []
2024-04-23 12:41:05,772 INFO     HIS_LOGS main           :114      200
2024-04-23 12:41:05,773 INFO     HIS_LOGS main           :142      raw data is [{'monitor_id': 1767, 'process_parameter_001_a': '4321B77C', 'device_identifier': '00:30:11:78:A1:A6:01', 'id': 539856, 'timestamp': '2024-04-01T12:13:28.000+00:00'}, {'monitor_id': 1767, 'process_parameter_001_a': '4321B9ED', 'device_identifier': '00:30:11:78:A1:A6:01', 'id': 539857, 'timestamp': '2024-04-01T12:13:28.000+00:00'}, {'monitor_id': 1767, 'process_parameter_001_a': '4321B77C', 'device_identifier': '00:30:11:78:A1:A6:01', 'id': 539858, 'timestamp': '2024-04-01T12:14:08.000+00:00'}, {'monitor_id': 1767, 'process_parameter_001_a': '4321B50B', 'device_identifier': '00:30:11:78:A1:A6:01', 'id': 539859, 'timestamp': '2024-04-01T12:14:09.000+00:00'}, {'monitor_id': 1767, 'process_parameter_001_a': '4321B29A', 'device_identifier': '00:30:11:78:A1:A6:01', 'id': 539860, 'timestamp': '2024-04-01T12:14:23.000+00:00'}, {'monitor_id': 1767, 'process_parameter_001_a': '4321B029', 'device_identifier': '00:30:11:78:A1:A6:01', 'id': 539861, 'timestamp': '2024-04-01T12:14:25.000+00:00'}, {'monitor_id': 1767, 'process_parameter_001_a': '4321ADB8', 'device_identifier': '00:30:11:78:A1:A6:01', 'id': 539862, 'timestamp': '2024-04-01T12:14:50.000+00:00'}, {'monitor_id': 1767, 'process_parameter_001_a': '4321AB47', 'device_identifier': '00:30:11:78:A1:A6:01', 'id': 539863, 'timestamp': '2024-04-01T12:14:51.000+00:00'}, {'monitor_id': 1767, 'process_parameter_001_a': '4321A665', 'device_identifier': '00:30:11:78:A1:A6:01', 'id': 539864, 'timestamp': '2024-04-01T12:16:50.000+00:00'}, {'monitor_id': 1767, 'process_parameter_001_a': '4321A3F4', 'device_identifier': '00:30:11:78:A1:A6:01', 'id': 539865, 'timestamp': '2024-04-01T12:16:53.000+00:00'}]
2024-04-23 12:41:05,773 ERROR    HIS_LOGS main           :161      Error while getting the API data string indices must be integers, not 'str'
2024-04-23 12:41:05,777 INFO     HIS_LOGS main           :214      []
2024-04-23 12:41:11,833 INFO     HIS_LOGS main           :114      200
2024-04-23 12:41:11,834 INFO     HIS_LOGS main           :142      raw data is [{'monitor_id': 1767, 'process_parameter_001_a': '4321B77C', 'device_identifier': '00:30:11:78:A1:A6:01', 'id': 539856, 'timestamp': '2024-04-01T12:13:28.000+00:00'}, {'monitor_id': 1767, 'process_parameter_001_a': '4321B9ED', 'device_identifier': '00:30:11:78:A1:A6:01', 'id': 539857, 'timestamp': '2024-04-01T12:13:28.000+00:00'}, {'monitor_id': 1767, 'process_parameter_001_a': '4321B77C', 'device_identifier': '00:30:11:78:A1:A6:01', 'id': 539858, 'timestamp': '2024-04-01T12:14:08.000+00:00'}, {'monitor_id': 1767, 'process_parameter_001_a': '4321B50B', 'device_identifier': '00:30:11:78:A1:A6:01', 'id': 539859, 'timestamp': '2024-04-01T12:14:09.000+00:00'}, {'monitor_id': 1767, 'process_parameter_001_a': '4321B29A', 'device_identifier': '00:30:11:78:A1:A6:01', 'id': 539860, 'timestamp': '2024-04-01T12:14:23.000+00:00'}, {'monitor_id': 1767, 'process_parameter_001_a': '4321B029', 'device_identifier': '00:30:11:78:A1:A6:01', 'id': 539861, 'timestamp': '2024-04-01T12:14:25.000+00:00'}, {'monitor_id': 1767, 'process_parameter_001_a': '4321ADB8', 'device_identifier': '00:30:11:78:A1:A6:01', 'id': 539862, 'timestamp': '2024-04-01T12:14:50.000+00:00'}, {'monitor_id': 1767, 'process_parameter_001_a': '4321AB47', 'device_identifier': '00:30:11:78:A1:A6:01', 'id': 539863, 'timestamp': '2024-04-01T12:14:51.000+00:00'}, {'monitor_id': 1767, 'process_parameter_001_a': '4321A665', 'device_identifier': '00:30:11:78:A1:A6:01', 'id': 539864, 'timestamp': '2024-04-01T12:16:50.000+00:00'}, {'monitor_id': 1767, 'process_parameter_001_a': '4321A3F4', 'device_identifier': '00:30:11:78:A1:A6:01', 'id': 539865, 'timestamp': '2024-04-01T12:16:53.000+00:00'}]
2024-04-23 12:41:11,834 ERROR    HIS_LOGS main           :161      Error while getting the API data string indices must be integers, not 'str'
2024-04-23 12:41:11,837 INFO     HIS_LOGS main           :214      []
2024-04-23 12:41:56,787 INFO     HIS_LOGS main           :114      401
2024-04-23 12:41:56,792 INFO     HIS_LOGS database       :52       Successful: accesstoken  data added to the database.
2024-04-23 12:41:57,093 INFO     HIS_LOGS main           :190      200
2024-04-23 12:41:57,099 INFO     HIS_LOGS database       :52       Successful: accesstoken  data added to the database.
2024-04-23 12:41:57,102 ERROR    HIS_LOGS main           :161      Error while getting the API data Expecting value: line 1 column 1 (char 0)
2024-04-23 12:41:57,104 INFO     HIS_LOGS main           :214      []
2024-04-23 12:42:03,159 INFO     HIS_LOGS main           :114      200
2024-04-23 12:42:03,159 ERROR    HIS_LOGS main           :161      Error while getting the API data string indices must be integers, not 'str'
2024-04-23 12:42:03,164 INFO     HIS_LOGS main           :214      []
2024-04-23 12:42:19,494 INFO     HIS_LOGS main           :114      401
2024-04-23 12:42:19,499 INFO     HIS_LOGS database       :52       Successful: accesstoken  data added to the database.
2024-04-23 12:42:19,795 INFO     HIS_LOGS main           :190      200
2024-04-23 12:42:19,800 INFO     HIS_LOGS database       :52       Successful: accesstoken  data added to the database.
2024-04-23 12:42:19,803 ERROR    HIS_LOGS main           :161      Error while getting the API data Expecting value: line 1 column 1 (char 0)
2024-04-23 12:42:19,805 INFO     HIS_LOGS main           :214      []
2024-04-23 12:42:25,495 INFO     HIS_LOGS main           :114      200
2024-04-23 12:42:25,495 INFO     HIS_LOGS main           :142      raw data is [{'monitor_id': 1767, 'process_parameter_001_a': '4321B77C', 'device_identifier': '00:30:11:78:A1:A6:01', 'id': 539856, 'timestamp': '2024-04-01T12:13:28.000+00:00'}, {'monitor_id': 1767, 'process_parameter_001_a': '4321B9ED', 'device_identifier': '00:30:11:78:A1:A6:01', 'id': 539857, 'timestamp': '2024-04-01T12:13:28.000+00:00'}, {'monitor_id': 1767, 'process_parameter_001_a': '4321B77C', 'device_identifier': '00:30:11:78:A1:A6:01', 'id': 539858, 'timestamp': '2024-04-01T12:14:08.000+00:00'}, {'monitor_id': 1767, 'process_parameter_001_a': '4321B50B', 'device_identifier': '00:30:11:78:A1:A6:01', 'id': 539859, 'timestamp': '2024-04-01T12:14:09.000+00:00'}, {'monitor_id': 1767, 'process_parameter_001_a': '4321B29A', 'device_identifier': '00:30:11:78:A1:A6:01', 'id': 539860, 'timestamp': '2024-04-01T12:14:23.000+00:00'}, {'monitor_id': 1767, 'process_parameter_001_a': '4321B029', 'device_identifier': '00:30:11:78:A1:A6:01', 'id': 539861, 'timestamp': '2024-04-01T12:14:25.000+00:00'}, {'monitor_id': 1767, 'process_parameter_001_a': '4321ADB8', 'device_identifier': '00:30:11:78:A1:A6:01', 'id': 539862, 'timestamp': '2024-04-01T12:14:50.000+00:00'}, {'monitor_id': 1767, 'process_parameter_001_a': '4321AB47', 'device_identifier': '00:30:11:78:A1:A6:01', 'id': 539863, 'timestamp': '2024-04-01T12:14:51.000+00:00'}, {'monitor_id': 1767, 'process_parameter_001_a': '4321A665', 'device_identifier': '00:30:11:78:A1:A6:01', 'id': 539864, 'timestamp': '2024-04-01T12:16:50.000+00:00'}, {'monitor_id': 1767, 'process_parameter_001_a': '4321A3F4', 'device_identifier': '00:30:11:78:A1:A6:01', 'id': 539865, 'timestamp': '2024-04-01T12:16:53.000+00:00'}]
2024-04-23 12:42:25,496 ERROR    HIS_LOGS main           :161      Error while getting the API data string indices must be integers, not 'str'
2024-04-23 12:42:25,498 INFO     HIS_LOGS main           :214      []
2024-04-23 12:45:00,977 INFO     HIS_LOGS main           :114      401
2024-04-23 12:45:00,992 INFO     HIS_LOGS database       :52       Successful: accesstoken  data added to the database.
2024-04-23 12:45:01,294 INFO     HIS_LOGS main           :191      200
2024-04-23 12:45:01,307 INFO     HIS_LOGS database       :52       Successful: accesstoken  data added to the database.
2024-04-23 12:45:01,311 ERROR    HIS_LOGS main           :162      Error while getting the API data Expecting value: line 1 column 1 (char 0)
2024-04-23 12:45:01,314 INFO     HIS_LOGS main           :215      []
2024-04-23 12:45:07,387 INFO     HIS_LOGS main           :114      200
2024-04-23 12:45:07,388 INFO     HIS_LOGS main           :142      raw data is [{'monitor_id': 1767, 'process_parameter_001_a': '4321B77C', 'device_identifier': '00:30:11:78:A1:A6:01', 'id': 539856, 'timestamp': '2024-04-01T12:13:28.000+00:00'}, {'monitor_id': 1767, 'process_parameter_001_a': '4321B9ED', 'device_identifier': '00:30:11:78:A1:A6:01', 'id': 539857, 'timestamp': '2024-04-01T12:13:28.000+00:00'}, {'monitor_id': 1767, 'process_parameter_001_a': '4321B77C', 'device_identifier': '00:30:11:78:A1:A6:01', 'id': 539858, 'timestamp': '2024-04-01T12:14:08.000+00:00'}, {'monitor_id': 1767, 'process_parameter_001_a': '4321B50B', 'device_identifier': '00:30:11:78:A1:A6:01', 'id': 539859, 'timestamp': '2024-04-01T12:14:09.000+00:00'}, {'monitor_id': 1767, 'process_parameter_001_a': '4321B29A', 'device_identifier': '00:30:11:78:A1:A6:01', 'id': 539860, 'timestamp': '2024-04-01T12:14:23.000+00:00'}, {'monitor_id': 1767, 'process_parameter_001_a': '4321B029', 'device_identifier': '00:30:11:78:A1:A6:01', 'id': 539861, 'timestamp': '2024-04-01T12:14:25.000+00:00'}, {'monitor_id': 1767, 'process_parameter_001_a': '4321ADB8', 'device_identifier': '00:30:11:78:A1:A6:01', 'id': 539862, 'timestamp': '2024-04-01T12:14:50.000+00:00'}, {'monitor_id': 1767, 'process_parameter_001_a': '4321AB47', 'device_identifier': '00:30:11:78:A1:A6:01', 'id': 539863, 'timestamp': '2024-04-01T12:14:51.000+00:00'}, {'monitor_id': 1767, 'process_parameter_001_a': '4321A665', 'device_identifier': '00:30:11:78:A1:A6:01', 'id': 539864, 'timestamp': '2024-04-01T12:16:50.000+00:00'}, {'monitor_id': 1767, 'process_parameter_001_a': '4321A3F4', 'device_identifier': '00:30:11:78:A1:A6:01', 'id': 539865, 'timestamp': '2024-04-01T12:16:53.000+00:00'}]
2024-04-23 12:45:07,388 ERROR    HIS_LOGS main           :162      Error while getting the API data string indices must be integers, not 'str'
2024-04-23 12:45:07,390 INFO     HIS_LOGS main           :215      []
2024-04-23 12:45:37,142 INFO     HIS_LOGS main           :114      401
2024-04-23 12:45:37,148 INFO     HIS_LOGS database       :52       Successful: accesstoken  data added to the database.
2024-04-23 12:45:37,472 INFO     HIS_LOGS main           :191      200
2024-04-23 12:45:37,477 INFO     HIS_LOGS database       :52       Successful: accesstoken  data added to the database.
2024-04-23 12:45:37,479 ERROR    HIS_LOGS main           :162      Error while getting the API data Expecting value: line 1 column 1 (char 0)
2024-04-23 12:45:37,482 INFO     HIS_LOGS main           :215      []
2024-04-23 12:45:43,536 INFO     HIS_LOGS main           :114      200
2024-04-23 12:45:43,537 INFO     HIS_LOGS main           :142      raw data is [{'monitor_id': 1767, 'process_parameter_001_a': '4321B77C', 'device_identifier': '00:30:11:78:A1:A6:01', 'id': 539856, 'timestamp': '2024-04-01T12:13:28.000+00:00'}, {'monitor_id': 1767, 'process_parameter_001_a': '4321B9ED', 'device_identifier': '00:30:11:78:A1:A6:01', 'id': 539857, 'timestamp': '2024-04-01T12:13:28.000+00:00'}, {'monitor_id': 1767, 'process_parameter_001_a': '4321B77C', 'device_identifier': '00:30:11:78:A1:A6:01', 'id': 539858, 'timestamp': '2024-04-01T12:14:08.000+00:00'}, {'monitor_id': 1767, 'process_parameter_001_a': '4321B50B', 'device_identifier': '00:30:11:78:A1:A6:01', 'id': 539859, 'timestamp': '2024-04-01T12:14:09.000+00:00'}, {'monitor_id': 1767, 'process_parameter_001_a': '4321B29A', 'device_identifier': '00:30:11:78:A1:A6:01', 'id': 539860, 'timestamp': '2024-04-01T12:14:23.000+00:00'}, {'monitor_id': 1767, 'process_parameter_001_a': '4321B029', 'device_identifier': '00:30:11:78:A1:A6:01', 'id': 539861, 'timestamp': '2024-04-01T12:14:25.000+00:00'}, {'monitor_id': 1767, 'process_parameter_001_a': '4321ADB8', 'device_identifier': '00:30:11:78:A1:A6:01', 'id': 539862, 'timestamp': '2024-04-01T12:14:50.000+00:00'}, {'monitor_id': 1767, 'process_parameter_001_a': '4321AB47', 'device_identifier': '00:30:11:78:A1:A6:01', 'id': 539863, 'timestamp': '2024-04-01T12:14:51.000+00:00'}, {'monitor_id': 1767, 'process_parameter_001_a': '4321A665', 'device_identifier': '00:30:11:78:A1:A6:01', 'id': 539864, 'timestamp': '2024-04-01T12:16:50.000+00:00'}, {'monitor_id': 1767, 'process_parameter_001_a': '4321A3F4', 'device_identifier': '00:30:11:78:A1:A6:01', 'id': 539865, 'timestamp': '2024-04-01T12:16:53.000+00:00'}]
2024-04-23 12:45:43,537 ERROR    HIS_LOGS main           :162      Error while getting the API data string indices must be integers, not 'str'
2024-04-23 12:45:43,539 INFO     HIS_LOGS main           :215      []
2024-04-23 12:46:08,230 INFO     HIS_LOGS main           :114      401
2024-04-23 12:46:08,235 INFO     HIS_LOGS database       :52       Successful: accesstoken  data added to the database.
2024-04-23 12:46:08,522 INFO     HIS_LOGS main           :191      200
2024-04-23 12:46:08,527 INFO     HIS_LOGS database       :52       Successful: accesstoken  data added to the database.
2024-04-23 12:46:08,530 ERROR    HIS_LOGS main           :162      Error while getting the API data Expecting value: line 1 column 1 (char 0)
2024-04-23 12:46:08,533 INFO     HIS_LOGS main           :215      []
2024-04-23 12:46:14,660 INFO     HIS_LOGS main           :114      200
2024-04-23 12:46:14,660 INFO     HIS_LOGS main           :142      raw data is [{'monitor_id': 1767, 'process_parameter_001_a': '4321B77C', 'device_identifier': '00:30:11:78:A1:A6:01', 'id': 539856, 'timestamp': '2024-04-01T12:13:28.000+00:00'}, {'monitor_id': 1767, 'process_parameter_001_a': '4321B9ED', 'device_identifier': '00:30:11:78:A1:A6:01', 'id': 539857, 'timestamp': '2024-04-01T12:13:28.000+00:00'}, {'monitor_id': 1767, 'process_parameter_001_a': '4321B77C', 'device_identifier': '00:30:11:78:A1:A6:01', 'id': 539858, 'timestamp': '2024-04-01T12:14:08.000+00:00'}, {'monitor_id': 1767, 'process_parameter_001_a': '4321B50B', 'device_identifier': '00:30:11:78:A1:A6:01', 'id': 539859, 'timestamp': '2024-04-01T12:14:09.000+00:00'}, {'monitor_id': 1767, 'process_parameter_001_a': '4321B29A', 'device_identifier': '00:30:11:78:A1:A6:01', 'id': 539860, 'timestamp': '2024-04-01T12:14:23.000+00:00'}, {'monitor_id': 1767, 'process_parameter_001_a': '4321B029', 'device_identifier': '00:30:11:78:A1:A6:01', 'id': 539861, 'timestamp': '2024-04-01T12:14:25.000+00:00'}, {'monitor_id': 1767, 'process_parameter_001_a': '4321ADB8', 'device_identifier': '00:30:11:78:A1:A6:01', 'id': 539862, 'timestamp': '2024-04-01T12:14:50.000+00:00'}, {'monitor_id': 1767, 'process_parameter_001_a': '4321AB47', 'device_identifier': '00:30:11:78:A1:A6:01', 'id': 539863, 'timestamp': '2024-04-01T12:14:51.000+00:00'}, {'monitor_id': 1767, 'process_parameter_001_a': '4321A665', 'device_identifier': '00:30:11:78:A1:A6:01', 'id': 539864, 'timestamp': '2024-04-01T12:16:50.000+00:00'}, {'monitor_id': 1767, 'process_parameter_001_a': '4321A3F4', 'device_identifier': '00:30:11:78:A1:A6:01', 'id': 539865, 'timestamp': '2024-04-01T12:16:53.000+00:00'}]
2024-04-23 12:46:14,663 INFO     HIS_LOGS main           :215      {}
2024-04-23 12:48:18,691 INFO     HIS_LOGS main           :114      401
2024-04-23 12:48:18,696 INFO     HIS_LOGS database       :52       Successful: accesstoken  data added to the database.
2024-04-23 12:48:19,002 INFO     HIS_LOGS main           :193      200
2024-04-23 12:48:19,007 INFO     HIS_LOGS database       :52       Successful: accesstoken  data added to the database.
2024-04-23 12:48:19,010 ERROR    HIS_LOGS main           :164      Error while getting the API data Expecting value: line 1 column 1 (char 0)
2024-04-23 12:48:19,013 INFO     HIS_LOGS main           :217      []
2024-04-23 12:48:25,064 INFO     HIS_LOGS main           :114      200
2024-04-23 12:48:25,064 INFO     HIS_LOGS main           :142      raw data is [{'monitor_id': 1767, 'process_parameter_001_a': '4321B77C', 'device_identifier': '00:30:11:78:A1:A6:01', 'id': 539856, 'timestamp': '2024-04-01T12:13:28.000+00:00'}, {'monitor_id': 1767, 'process_parameter_001_a': '4321B9ED', 'device_identifier': '00:30:11:78:A1:A6:01', 'id': 539857, 'timestamp': '2024-04-01T12:13:28.000+00:00'}, {'monitor_id': 1767, 'process_parameter_001_a': '4321B77C', 'device_identifier': '00:30:11:78:A1:A6:01', 'id': 539858, 'timestamp': '2024-04-01T12:14:08.000+00:00'}, {'monitor_id': 1767, 'process_parameter_001_a': '4321B50B', 'device_identifier': '00:30:11:78:A1:A6:01', 'id': 539859, 'timestamp': '2024-04-01T12:14:09.000+00:00'}, {'monitor_id': 1767, 'process_parameter_001_a': '4321B29A', 'device_identifier': '00:30:11:78:A1:A6:01', 'id': 539860, 'timestamp': '2024-04-01T12:14:23.000+00:00'}, {'monitor_id': 1767, 'process_parameter_001_a': '4321B029', 'device_identifier': '00:30:11:78:A1:A6:01', 'id': 539861, 'timestamp': '2024-04-01T12:14:25.000+00:00'}, {'monitor_id': 1767, 'process_parameter_001_a': '4321ADB8', 'device_identifier': '00:30:11:78:A1:A6:01', 'id': 539862, 'timestamp': '2024-04-01T12:14:50.000+00:00'}, {'monitor_id': 1767, 'process_parameter_001_a': '4321AB47', 'device_identifier': '00:30:11:78:A1:A6:01', 'id': 539863, 'timestamp': '2024-04-01T12:14:51.000+00:00'}, {'monitor_id': 1767, 'process_parameter_001_a': '4321A665', 'device_identifier': '00:30:11:78:A1:A6:01', 'id': 539864, 'timestamp': '2024-04-01T12:16:50.000+00:00'}, {'monitor_id': 1767, 'process_parameter_001_a': '4321A3F4', 'device_identifier': '00:30:11:78:A1:A6:01', 'id': 539865, 'timestamp': '2024-04-01T12:16:53.000+00:00'}]
2024-04-23 12:48:25,064 ERROR    HIS_LOGS main           :164      Error while getting the API data 'int' object is not subscriptable
2024-04-23 12:48:25,067 INFO     HIS_LOGS main           :217      []
2024-04-23 12:48:30,794 INFO     HIS_LOGS main           :114      200
2024-04-23 12:48:30,794 INFO     HIS_LOGS main           :142      raw data is [{'monitor_id': 1767, 'process_parameter_001_a': '4321B77C', 'device_identifier': '00:30:11:78:A1:A6:01', 'id': 539856, 'timestamp': '2024-04-01T12:13:28.000+00:00'}, {'monitor_id': 1767, 'process_parameter_001_a': '4321B9ED', 'device_identifier': '00:30:11:78:A1:A6:01', 'id': 539857, 'timestamp': '2024-04-01T12:13:28.000+00:00'}, {'monitor_id': 1767, 'process_parameter_001_a': '4321B77C', 'device_identifier': '00:30:11:78:A1:A6:01', 'id': 539858, 'timestamp': '2024-04-01T12:14:08.000+00:00'}, {'monitor_id': 1767, 'process_parameter_001_a': '4321B50B', 'device_identifier': '00:30:11:78:A1:A6:01', 'id': 539859, 'timestamp': '2024-04-01T12:14:09.000+00:00'}, {'monitor_id': 1767, 'process_parameter_001_a': '4321B29A', 'device_identifier': '00:30:11:78:A1:A6:01', 'id': 539860, 'timestamp': '2024-04-01T12:14:23.000+00:00'}, {'monitor_id': 1767, 'process_parameter_001_a': '4321B029', 'device_identifier': '00:30:11:78:A1:A6:01', 'id': 539861, 'timestamp': '2024-04-01T12:14:25.000+00:00'}, {'monitor_id': 1767, 'process_parameter_001_a': '4321ADB8', 'device_identifier': '00:30:11:78:A1:A6:01', 'id': 539862, 'timestamp': '2024-04-01T12:14:50.000+00:00'}, {'monitor_id': 1767, 'process_parameter_001_a': '4321AB47', 'device_identifier': '00:30:11:78:A1:A6:01', 'id': 539863, 'timestamp': '2024-04-01T12:14:51.000+00:00'}, {'monitor_id': 1767, 'process_parameter_001_a': '4321A665', 'device_identifier': '00:30:11:78:A1:A6:01', 'id': 539864, 'timestamp': '2024-04-01T12:16:50.000+00:00'}, {'monitor_id': 1767, 'process_parameter_001_a': '4321A3F4', 'device_identifier': '00:30:11:78:A1:A6:01', 'id': 539865, 'timestamp': '2024-04-01T12:16:53.000+00:00'}]
2024-04-23 12:48:30,794 ERROR    HIS_LOGS main           :164      Error while getting the API data 'int' object is not subscriptable
2024-04-23 12:48:30,796 INFO     HIS_LOGS main           :217      []
2024-04-23 12:48:36,554 INFO     HIS_LOGS main           :114      200
2024-04-23 12:48:36,554 INFO     HIS_LOGS main           :142      raw data is [{'monitor_id': 1767, 'process_parameter_001_a': '4321B77C', 'device_identifier': '00:30:11:78:A1:A6:01', 'id': 539856, 'timestamp': '2024-04-01T12:13:28.000+00:00'}, {'monitor_id': 1767, 'process_parameter_001_a': '4321B9ED', 'device_identifier': '00:30:11:78:A1:A6:01', 'id': 539857, 'timestamp': '2024-04-01T12:13:28.000+00:00'}, {'monitor_id': 1767, 'process_parameter_001_a': '4321B77C', 'device_identifier': '00:30:11:78:A1:A6:01', 'id': 539858, 'timestamp': '2024-04-01T12:14:08.000+00:00'}, {'monitor_id': 1767, 'process_parameter_001_a': '4321B50B', 'device_identifier': '00:30:11:78:A1:A6:01', 'id': 539859, 'timestamp': '2024-04-01T12:14:09.000+00:00'}, {'monitor_id': 1767, 'process_parameter_001_a': '4321B29A', 'device_identifier': '00:30:11:78:A1:A6:01', 'id': 539860, 'timestamp': '2024-04-01T12:14:23.000+00:00'}, {'monitor_id': 1767, 'process_parameter_001_a': '4321B029', 'device_identifier': '00:30:11:78:A1:A6:01', 'id': 539861, 'timestamp': '2024-04-01T12:14:25.000+00:00'}, {'monitor_id': 1767, 'process_parameter_001_a': '4321ADB8', 'device_identifier': '00:30:11:78:A1:A6:01', 'id': 539862, 'timestamp': '2024-04-01T12:14:50.000+00:00'}, {'monitor_id': 1767, 'process_parameter_001_a': '4321AB47', 'device_identifier': '00:30:11:78:A1:A6:01', 'id': 539863, 'timestamp': '2024-04-01T12:14:51.000+00:00'}, {'monitor_id': 1767, 'process_parameter_001_a': '4321A665', 'device_identifier': '00:30:11:78:A1:A6:01', 'id': 539864, 'timestamp': '2024-04-01T12:16:50.000+00:00'}, {'monitor_id': 1767, 'process_parameter_001_a': '4321A3F4', 'device_identifier': '00:30:11:78:A1:A6:01', 'id': 539865, 'timestamp': '2024-04-01T12:16:53.000+00:00'}]
2024-04-23 12:48:36,554 ERROR    HIS_LOGS main           :164      Error while getting the API data 'int' object is not subscriptable
2024-04-23 12:48:36,557 INFO     HIS_LOGS main           :217      []
2024-04-23 12:48:42,246 INFO     HIS_LOGS main           :114      200
2024-04-23 12:48:42,246 INFO     HIS_LOGS main           :142      raw data is [{'monitor_id': 1767, 'process_parameter_001_a': '4321B77C', 'device_identifier': '00:30:11:78:A1:A6:01', 'id': 539856, 'timestamp': '2024-04-01T12:13:28.000+00:00'}, {'monitor_id': 1767, 'process_parameter_001_a': '4321B9ED', 'device_identifier': '00:30:11:78:A1:A6:01', 'id': 539857, 'timestamp': '2024-04-01T12:13:28.000+00:00'}, {'monitor_id': 1767, 'process_parameter_001_a': '4321B77C', 'device_identifier': '00:30:11:78:A1:A6:01', 'id': 539858, 'timestamp': '2024-04-01T12:14:08.000+00:00'}, {'monitor_id': 1767, 'process_parameter_001_a': '4321B50B', 'device_identifier': '00:30:11:78:A1:A6:01', 'id': 539859, 'timestamp': '2024-04-01T12:14:09.000+00:00'}, {'monitor_id': 1767, 'process_parameter_001_a': '4321B29A', 'device_identifier': '00:30:11:78:A1:A6:01', 'id': 539860, 'timestamp': '2024-04-01T12:14:23.000+00:00'}, {'monitor_id': 1767, 'process_parameter_001_a': '4321B029', 'device_identifier': '00:30:11:78:A1:A6:01', 'id': 539861, 'timestamp': '2024-04-01T12:14:25.000+00:00'}, {'monitor_id': 1767, 'process_parameter_001_a': '4321ADB8', 'device_identifier': '00:30:11:78:A1:A6:01', 'id': 539862, 'timestamp': '2024-04-01T12:14:50.000+00:00'}, {'monitor_id': 1767, 'process_parameter_001_a': '4321AB47', 'device_identifier': '00:30:11:78:A1:A6:01', 'id': 539863, 'timestamp': '2024-04-01T12:14:51.000+00:00'}, {'monitor_id': 1767, 'process_parameter_001_a': '4321A665', 'device_identifier': '00:30:11:78:A1:A6:01', 'id': 539864, 'timestamp': '2024-04-01T12:16:50.000+00:00'}, {'monitor_id': 1767, 'process_parameter_001_a': '4321A3F4', 'device_identifier': '00:30:11:78:A1:A6:01', 'id': 539865, 'timestamp': '2024-04-01T12:16:53.000+00:00'}]
2024-04-23 12:48:42,246 ERROR    HIS_LOGS main           :164      Error while getting the API data 'int' object is not subscriptable
2024-04-23 12:48:42,249 INFO     HIS_LOGS main           :217      []
2024-04-23 12:48:47,967 INFO     HIS_LOGS main           :114      200
2024-04-23 12:48:47,967 INFO     HIS_LOGS main           :142      raw data is [{'monitor_id': 1767, 'process_parameter_001_a': '4321B77C', 'device_identifier': '00:30:11:78:A1:A6:01', 'id': 539856, 'timestamp': '2024-04-01T12:13:28.000+00:00'}, {'monitor_id': 1767, 'process_parameter_001_a': '4321B9ED', 'device_identifier': '00:30:11:78:A1:A6:01', 'id': 539857, 'timestamp': '2024-04-01T12:13:28.000+00:00'}, {'monitor_id': 1767, 'process_parameter_001_a': '4321B77C', 'device_identifier': '00:30:11:78:A1:A6:01', 'id': 539858, 'timestamp': '2024-04-01T12:14:08.000+00:00'}, {'monitor_id': 1767, 'process_parameter_001_a': '4321B50B', 'device_identifier': '00:30:11:78:A1:A6:01', 'id': 539859, 'timestamp': '2024-04-01T12:14:09.000+00:00'}, {'monitor_id': 1767, 'process_parameter_001_a': '4321B29A', 'device_identifier': '00:30:11:78:A1:A6:01', 'id': 539860, 'timestamp': '2024-04-01T12:14:23.000+00:00'}, {'monitor_id': 1767, 'process_parameter_001_a': '4321B029', 'device_identifier': '00:30:11:78:A1:A6:01', 'id': 539861, 'timestamp': '2024-04-01T12:14:25.000+00:00'}, {'monitor_id': 1767, 'process_parameter_001_a': '4321ADB8', 'device_identifier': '00:30:11:78:A1:A6:01', 'id': 539862, 'timestamp': '2024-04-01T12:14:50.000+00:00'}, {'monitor_id': 1767, 'process_parameter_001_a': '4321AB47', 'device_identifier': '00:30:11:78:A1:A6:01', 'id': 539863, 'timestamp': '2024-04-01T12:14:51.000+00:00'}, {'monitor_id': 1767, 'process_parameter_001_a': '4321A665', 'device_identifier': '00:30:11:78:A1:A6:01', 'id': 539864, 'timestamp': '2024-04-01T12:16:50.000+00:00'}, {'monitor_id': 1767, 'process_parameter_001_a': '4321A3F4', 'device_identifier': '00:30:11:78:A1:A6:01', 'id': 539865, 'timestamp': '2024-04-01T12:16:53.000+00:00'}]
2024-04-23 12:48:47,967 ERROR    HIS_LOGS main           :164      Error while getting the API data 'int' object is not subscriptable
2024-04-23 12:48:47,970 INFO     HIS_LOGS main           :217      []
2024-04-23 12:49:41,368 INFO     HIS_LOGS main           :114      401
2024-04-23 12:49:41,373 INFO     HIS_LOGS database       :52       Successful: accesstoken  data added to the database.
2024-04-23 12:49:41,686 INFO     HIS_LOGS main           :193      200
2024-04-23 12:49:41,691 INFO     HIS_LOGS database       :52       Successful: accesstoken  data added to the database.
2024-04-23 12:49:41,694 ERROR    HIS_LOGS main           :164      Error while getting the API data Expecting value: line 1 column 1 (char 0)
2024-04-23 12:49:41,696 INFO     HIS_LOGS main           :217      []
2024-04-23 12:49:47,356 INFO     HIS_LOGS main           :114      200
2024-04-23 12:49:47,356 INFO     HIS_LOGS main           :142      raw data is [{'monitor_id': 1767, 'process_parameter_001_a': '4321B77C', 'device_identifier': '00:30:11:78:A1:A6:01', 'id': 539856, 'timestamp': '2024-04-01T12:13:28.000+00:00'}, {'monitor_id': 1767, 'process_parameter_001_a': '4321B9ED', 'device_identifier': '00:30:11:78:A1:A6:01', 'id': 539857, 'timestamp': '2024-04-01T12:13:28.000+00:00'}, {'monitor_id': 1767, 'process_parameter_001_a': '4321B77C', 'device_identifier': '00:30:11:78:A1:A6:01', 'id': 539858, 'timestamp': '2024-04-01T12:14:08.000+00:00'}, {'monitor_id': 1767, 'process_parameter_001_a': '4321B50B', 'device_identifier': '00:30:11:78:A1:A6:01', 'id': 539859, 'timestamp': '2024-04-01T12:14:09.000+00:00'}, {'monitor_id': 1767, 'process_parameter_001_a': '4321B29A', 'device_identifier': '00:30:11:78:A1:A6:01', 'id': 539860, 'timestamp': '2024-04-01T12:14:23.000+00:00'}, {'monitor_id': 1767, 'process_parameter_001_a': '4321B029', 'device_identifier': '00:30:11:78:A1:A6:01', 'id': 539861, 'timestamp': '2024-04-01T12:14:25.000+00:00'}, {'monitor_id': 1767, 'process_parameter_001_a': '4321ADB8', 'device_identifier': '00:30:11:78:A1:A6:01', 'id': 539862, 'timestamp': '2024-04-01T12:14:50.000+00:00'}, {'monitor_id': 1767, 'process_parameter_001_a': '4321AB47', 'device_identifier': '00:30:11:78:A1:A6:01', 'id': 539863, 'timestamp': '2024-04-01T12:14:51.000+00:00'}, {'monitor_id': 1767, 'process_parameter_001_a': '4321A665', 'device_identifier': '00:30:11:78:A1:A6:01', 'id': 539864, 'timestamp': '2024-04-01T12:16:50.000+00:00'}, {'monitor_id': 1767, 'process_parameter_001_a': '4321A3F4', 'device_identifier': '00:30:11:78:A1:A6:01', 'id': 539865, 'timestamp': '2024-04-01T12:16:53.000+00:00'}]
2024-04-23 12:49:47,359 INFO     HIS_LOGS main           :217      {}
2024-04-23 12:49:53,417 INFO     HIS_LOGS main           :114      200
2024-04-23 12:49:53,417 INFO     HIS_LOGS main           :142      raw data is [{'monitor_id': 1767, 'process_parameter_001_a': '4321B77C', 'device_identifier': '00:30:11:78:A1:A6:01', 'id': 539856, 'timestamp': '2024-04-01T12:13:28.000+00:00'}, {'monitor_id': 1767, 'process_parameter_001_a': '4321B9ED', 'device_identifier': '00:30:11:78:A1:A6:01', 'id': 539857, 'timestamp': '2024-04-01T12:13:28.000+00:00'}, {'monitor_id': 1767, 'process_parameter_001_a': '4321B77C', 'device_identifier': '00:30:11:78:A1:A6:01', 'id': 539858, 'timestamp': '2024-04-01T12:14:08.000+00:00'}, {'monitor_id': 1767, 'process_parameter_001_a': '4321B50B', 'device_identifier': '00:30:11:78:A1:A6:01', 'id': 539859, 'timestamp': '2024-04-01T12:14:09.000+00:00'}, {'monitor_id': 1767, 'process_parameter_001_a': '4321B29A', 'device_identifier': '00:30:11:78:A1:A6:01', 'id': 539860, 'timestamp': '2024-04-01T12:14:23.000+00:00'}, {'monitor_id': 1767, 'process_parameter_001_a': '4321B029', 'device_identifier': '00:30:11:78:A1:A6:01', 'id': 539861, 'timestamp': '2024-04-01T12:14:25.000+00:00'}, {'monitor_id': 1767, 'process_parameter_001_a': '4321ADB8', 'device_identifier': '00:30:11:78:A1:A6:01', 'id': 539862, 'timestamp': '2024-04-01T12:14:50.000+00:00'}, {'monitor_id': 1767, 'process_parameter_001_a': '4321AB47', 'device_identifier': '00:30:11:78:A1:A6:01', 'id': 539863, 'timestamp': '2024-04-01T12:14:51.000+00:00'}, {'monitor_id': 1767, 'process_parameter_001_a': '4321A665', 'device_identifier': '00:30:11:78:A1:A6:01', 'id': 539864, 'timestamp': '2024-04-01T12:16:50.000+00:00'}, {'monitor_id': 1767, 'process_parameter_001_a': '4321A3F4', 'device_identifier': '00:30:11:78:A1:A6:01', 'id': 539865, 'timestamp': '2024-04-01T12:16:53.000+00:00'}]
2024-04-23 12:49:53,420 INFO     HIS_LOGS main           :217      {}
2024-04-23 12:49:59,114 INFO     HIS_LOGS main           :114      200
2024-04-23 12:49:59,114 INFO     HIS_LOGS main           :142      raw data is [{'monitor_id': 1767, 'process_parameter_001_a': '4321B77C', 'device_identifier': '00:30:11:78:A1:A6:01', 'id': 539856, 'timestamp': '2024-04-01T12:13:28.000+00:00'}, {'monitor_id': 1767, 'process_parameter_001_a': '4321B9ED', 'device_identifier': '00:30:11:78:A1:A6:01', 'id': 539857, 'timestamp': '2024-04-01T12:13:28.000+00:00'}, {'monitor_id': 1767, 'process_parameter_001_a': '4321B77C', 'device_identifier': '00:30:11:78:A1:A6:01', 'id': 539858, 'timestamp': '2024-04-01T12:14:08.000+00:00'}, {'monitor_id': 1767, 'process_parameter_001_a': '4321B50B', 'device_identifier': '00:30:11:78:A1:A6:01', 'id': 539859, 'timestamp': '2024-04-01T12:14:09.000+00:00'}, {'monitor_id': 1767, 'process_parameter_001_a': '4321B29A', 'device_identifier': '00:30:11:78:A1:A6:01', 'id': 539860, 'timestamp': '2024-04-01T12:14:23.000+00:00'}, {'monitor_id': 1767, 'process_parameter_001_a': '4321B029', 'device_identifier': '00:30:11:78:A1:A6:01', 'id': 539861, 'timestamp': '2024-04-01T12:14:25.000+00:00'}, {'monitor_id': 1767, 'process_parameter_001_a': '4321ADB8', 'device_identifier': '00:30:11:78:A1:A6:01', 'id': 539862, 'timestamp': '2024-04-01T12:14:50.000+00:00'}, {'monitor_id': 1767, 'process_parameter_001_a': '4321AB47', 'device_identifier': '00:30:11:78:A1:A6:01', 'id': 539863, 'timestamp': '2024-04-01T12:14:51.000+00:00'}, {'monitor_id': 1767, 'process_parameter_001_a': '4321A665', 'device_identifier': '00:30:11:78:A1:A6:01', 'id': 539864, 'timestamp': '2024-04-01T12:16:50.000+00:00'}, {'monitor_id': 1767, 'process_parameter_001_a': '4321A3F4', 'device_identifier': '00:30:11:78:A1:A6:01', 'id': 539865, 'timestamp': '2024-04-01T12:16:53.000+00:00'}]
2024-04-23 12:49:59,117 INFO     HIS_LOGS main           :217      {}
2024-04-23 12:51:35,834 INFO     HIS_LOGS main           :114      401
2024-04-23 12:51:35,848 INFO     HIS_LOGS database       :52       Successful: accesstoken  data added to the database.
2024-04-23 12:51:36,147 INFO     HIS_LOGS main           :190      200
2024-04-23 12:51:36,162 INFO     HIS_LOGS database       :52       Successful: accesstoken  data added to the database.
2024-04-23 12:51:36,166 ERROR    HIS_LOGS main           :161      Error while getting the API data Expecting value: line 1 column 1 (char 0)
2024-04-23 12:51:36,168 INFO     HIS_LOGS main           :214      []
2024-04-23 12:51:42,199 INFO     HIS_LOGS main           :114      200
2024-04-23 12:51:42,200 INFO     HIS_LOGS main           :142      raw data is [{'monitor_id': 1767, 'process_parameter_001_a': '4321B77C', 'device_identifier': '00:30:11:78:A1:A6:01', 'id': 539856, 'timestamp': '2024-04-01T12:13:28.000+00:00'}, {'monitor_id': 1767, 'process_parameter_001_a': '4321B9ED', 'device_identifier': '00:30:11:78:A1:A6:01', 'id': 539857, 'timestamp': '2024-04-01T12:13:28.000+00:00'}, {'monitor_id': 1767, 'process_parameter_001_a': '4321B77C', 'device_identifier': '00:30:11:78:A1:A6:01', 'id': 539858, 'timestamp': '2024-04-01T12:14:08.000+00:00'}, {'monitor_id': 1767, 'process_parameter_001_a': '4321B50B', 'device_identifier': '00:30:11:78:A1:A6:01', 'id': 539859, 'timestamp': '2024-04-01T12:14:09.000+00:00'}, {'monitor_id': 1767, 'process_parameter_001_a': '4321B29A', 'device_identifier': '00:30:11:78:A1:A6:01', 'id': 539860, 'timestamp': '2024-04-01T12:14:23.000+00:00'}, {'monitor_id': 1767, 'process_parameter_001_a': '4321B029', 'device_identifier': '00:30:11:78:A1:A6:01', 'id': 539861, 'timestamp': '2024-04-01T12:14:25.000+00:00'}, {'monitor_id': 1767, 'process_parameter_001_a': '4321ADB8', 'device_identifier': '00:30:11:78:A1:A6:01', 'id': 539862, 'timestamp': '2024-04-01T12:14:50.000+00:00'}, {'monitor_id': 1767, 'process_parameter_001_a': '4321AB47', 'device_identifier': '00:30:11:78:A1:A6:01', 'id': 539863, 'timestamp': '2024-04-01T12:14:51.000+00:00'}, {'monitor_id': 1767, 'process_parameter_001_a': '4321A665', 'device_identifier': '00:30:11:78:A1:A6:01', 'id': 539864, 'timestamp': '2024-04-01T12:16:50.000+00:00'}, {'monitor_id': 1767, 'process_parameter_001_a': '4321A3F4', 'device_identifier': '00:30:11:78:A1:A6:01', 'id': 539865, 'timestamp': '2024-04-01T12:16:53.000+00:00'}]
2024-04-23 12:51:42,200 INFO     HIS_LOGS main           :158      {'Steam Temperature': 161.64044, 'Paper GSM': 616.0, 'Machine Speed': 174.73352, 'Steam Presure GP 8': 4.89742}
2024-04-23 12:51:42,202 INFO     HIS_LOGS main           :214      {'Steam Temperature': 161.64044, 'Paper GSM': 616.0, 'Machine Speed': 174.73352, 'Steam Presure GP 8': 4.89742}
2024-04-23 12:51:47,934 INFO     HIS_LOGS main           :114      200
2024-04-23 12:51:47,934 INFO     HIS_LOGS main           :142      raw data is [{'monitor_id': 1767, 'process_parameter_001_a': '4321B77C', 'device_identifier': '00:30:11:78:A1:A6:01', 'id': 539856, 'timestamp': '2024-04-01T12:13:28.000+00:00'}, {'monitor_id': 1767, 'process_parameter_001_a': '4321B9ED', 'device_identifier': '00:30:11:78:A1:A6:01', 'id': 539857, 'timestamp': '2024-04-01T12:13:28.000+00:00'}, {'monitor_id': 1767, 'process_parameter_001_a': '4321B77C', 'device_identifier': '00:30:11:78:A1:A6:01', 'id': 539858, 'timestamp': '2024-04-01T12:14:08.000+00:00'}, {'monitor_id': 1767, 'process_parameter_001_a': '4321B50B', 'device_identifier': '00:30:11:78:A1:A6:01', 'id': 539859, 'timestamp': '2024-04-01T12:14:09.000+00:00'}, {'monitor_id': 1767, 'process_parameter_001_a': '4321B29A', 'device_identifier': '00:30:11:78:A1:A6:01', 'id': 539860, 'timestamp': '2024-04-01T12:14:23.000+00:00'}, {'monitor_id': 1767, 'process_parameter_001_a': '4321B029', 'device_identifier': '00:30:11:78:A1:A6:01', 'id': 539861, 'timestamp': '2024-04-01T12:14:25.000+00:00'}, {'monitor_id': 1767, 'process_parameter_001_a': '4321ADB8', 'device_identifier': '00:30:11:78:A1:A6:01', 'id': 539862, 'timestamp': '2024-04-01T12:14:50.000+00:00'}, {'monitor_id': 1767, 'process_parameter_001_a': '4321AB47', 'device_identifier': '00:30:11:78:A1:A6:01', 'id': 539863, 'timestamp': '2024-04-01T12:14:51.000+00:00'}, {'monitor_id': 1767, 'process_parameter_001_a': '4321A665', 'device_identifier': '00:30:11:78:A1:A6:01', 'id': 539864, 'timestamp': '2024-04-01T12:16:50.000+00:00'}, {'monitor_id': 1767, 'process_parameter_001_a': '4321A3F4', 'device_identifier': '00:30:11:78:A1:A6:01', 'id': 539865, 'timestamp': '2024-04-01T12:16:53.000+00:00'}]
2024-04-23 12:51:47,935 INFO     HIS_LOGS main           :158      {'Steam Temperature': 161.64044, 'Paper GSM': 616.0, 'Machine Speed': 174.73352, 'Steam Presure GP 8': 4.89742}
2024-04-23 12:51:47,937 INFO     HIS_LOGS main           :214      {'Steam Temperature': 161.64044, 'Paper GSM': 616.0, 'Machine Speed': 174.73352, 'Steam Presure GP 8': 4.89742}
2024-04-23 12:51:54,068 INFO     HIS_LOGS main           :114      200
2024-04-23 12:51:54,069 INFO     HIS_LOGS main           :142      raw data is [{'monitor_id': 1767, 'process_parameter_001_a': '4321B77C', 'device_identifier': '00:30:11:78:A1:A6:01', 'id': 539856, 'timestamp': '2024-04-01T12:13:28.000+00:00'}, {'monitor_id': 1767, 'process_parameter_001_a': '4321B9ED', 'device_identifier': '00:30:11:78:A1:A6:01', 'id': 539857, 'timestamp': '2024-04-01T12:13:28.000+00:00'}, {'monitor_id': 1767, 'process_parameter_001_a': '4321B77C', 'device_identifier': '00:30:11:78:A1:A6:01', 'id': 539858, 'timestamp': '2024-04-01T12:14:08.000+00:00'}, {'monitor_id': 1767, 'process_parameter_001_a': '4321B50B', 'device_identifier': '00:30:11:78:A1:A6:01', 'id': 539859, 'timestamp': '2024-04-01T12:14:09.000+00:00'}, {'monitor_id': 1767, 'process_parameter_001_a': '4321B29A', 'device_identifier': '00:30:11:78:A1:A6:01', 'id': 539860, 'timestamp': '2024-04-01T12:14:23.000+00:00'}, {'monitor_id': 1767, 'process_parameter_001_a': '4321B029', 'device_identifier': '00:30:11:78:A1:A6:01', 'id': 539861, 'timestamp': '2024-04-01T12:14:25.000+00:00'}, {'monitor_id': 1767, 'process_parameter_001_a': '4321ADB8', 'device_identifier': '00:30:11:78:A1:A6:01', 'id': 539862, 'timestamp': '2024-04-01T12:14:50.000+00:00'}, {'monitor_id': 1767, 'process_parameter_001_a': '4321AB47', 'device_identifier': '00:30:11:78:A1:A6:01', 'id': 539863, 'timestamp': '2024-04-01T12:14:51.000+00:00'}, {'monitor_id': 1767, 'process_parameter_001_a': '4321A665', 'device_identifier': '00:30:11:78:A1:A6:01', 'id': 539864, 'timestamp': '2024-04-01T12:16:50.000+00:00'}, {'monitor_id': 1767, 'process_parameter_001_a': '4321A3F4', 'device_identifier': '00:30:11:78:A1:A6:01', 'id': 539865, 'timestamp': '2024-04-01T12:16:53.000+00:00'}]
2024-04-23 12:51:54,069 INFO     HIS_LOGS main           :158      {'Steam Temperature': 161.64044, 'Paper GSM': 616.0, 'Machine Speed': 174.73352, 'Steam Presure GP 8': 4.89742}
2024-04-23 12:51:54,072 INFO     HIS_LOGS main           :214      {'Steam Temperature': 161.64044, 'Paper GSM': 616.0, 'Machine Speed': 174.73352, 'Steam Presure GP 8': 4.89742}
2024-04-23 12:52:15,302 INFO     HIS_LOGS main           :114      401
2024-04-23 12:52:15,307 INFO     HIS_LOGS database       :52       Successful: accesstoken  data added to the database.
2024-04-23 12:52:15,610 INFO     HIS_LOGS main           :189      200
2024-04-23 12:52:15,615 INFO     HIS_LOGS database       :52       Successful: accesstoken  data added to the database.
2024-04-23 12:52:15,618 ERROR    HIS_LOGS main           :160      Error while getting the API data Expecting value: line 1 column 1 (char 0)
2024-04-23 12:52:15,620 INFO     HIS_LOGS main           :213      []
2024-04-23 12:52:21,734 INFO     HIS_LOGS main           :114      200
2024-04-23 12:52:21,734 INFO     HIS_LOGS main           :142      raw data is [{'monitor_id': 1767, 'process_parameter_001_a': '4321B77C', 'device_identifier': '00:30:11:78:A1:A6:01', 'id': 539856, 'timestamp': '2024-04-01T12:13:28.000+00:00'}, {'monitor_id': 1767, 'process_parameter_001_a': '4321B9ED', 'device_identifier': '00:30:11:78:A1:A6:01', 'id': 539857, 'timestamp': '2024-04-01T12:13:28.000+00:00'}, {'monitor_id': 1767, 'process_parameter_001_a': '4321B77C', 'device_identifier': '00:30:11:78:A1:A6:01', 'id': 539858, 'timestamp': '2024-04-01T12:14:08.000+00:00'}, {'monitor_id': 1767, 'process_parameter_001_a': '4321B50B', 'device_identifier': '00:30:11:78:A1:A6:01', 'id': 539859, 'timestamp': '2024-04-01T12:14:09.000+00:00'}, {'monitor_id': 1767, 'process_parameter_001_a': '4321B29A', 'device_identifier': '00:30:11:78:A1:A6:01', 'id': 539860, 'timestamp': '2024-04-01T12:14:23.000+00:00'}, {'monitor_id': 1767, 'process_parameter_001_a': '4321B029', 'device_identifier': '00:30:11:78:A1:A6:01', 'id': 539861, 'timestamp': '2024-04-01T12:14:25.000+00:00'}, {'monitor_id': 1767, 'process_parameter_001_a': '4321ADB8', 'device_identifier': '00:30:11:78:A1:A6:01', 'id': 539862, 'timestamp': '2024-04-01T12:14:50.000+00:00'}, {'monitor_id': 1767, 'process_parameter_001_a': '4321AB47', 'device_identifier': '00:30:11:78:A1:A6:01', 'id': 539863, 'timestamp': '2024-04-01T12:14:51.000+00:00'}, {'monitor_id': 1767, 'process_parameter_001_a': '4321A665', 'device_identifier': '00:30:11:78:A1:A6:01', 'id': 539864, 'timestamp': '2024-04-01T12:16:50.000+00:00'}, {'monitor_id': 1767, 'process_parameter_001_a': '4321A3F4', 'device_identifier': '00:30:11:78:A1:A6:01', 'id': 539865, 'timestamp': '2024-04-01T12:16:53.000+00:00'}]
2024-04-23 12:52:21,735 INFO     HIS_LOGS main           :157      {'Steam Temperature': 161.64044, 'Paper GSM': 616.0, 'Machine Speed': 174.73352, 'Steam Presure GP 8': 4.89742}
2024-04-23 12:52:21,737 INFO     HIS_LOGS main           :213      {'Steam Temperature': 161.64044, 'Paper GSM': 616.0, 'Machine Speed': 174.73352, 'Steam Presure GP 8': 4.89742}
2024-04-23 12:52:27,799 INFO     HIS_LOGS main           :114      200
2024-04-23 12:52:27,799 INFO     HIS_LOGS main           :142      raw data is [{'monitor_id': 1767, 'process_parameter_001_a': '4321B77C', 'device_identifier': '00:30:11:78:A1:A6:01', 'id': 539856, 'timestamp': '2024-04-01T12:13:28.000+00:00'}, {'monitor_id': 1767, 'process_parameter_001_a': '4321B9ED', 'device_identifier': '00:30:11:78:A1:A6:01', 'id': 539857, 'timestamp': '2024-04-01T12:13:28.000+00:00'}, {'monitor_id': 1767, 'process_parameter_001_a': '4321B77C', 'device_identifier': '00:30:11:78:A1:A6:01', 'id': 539858, 'timestamp': '2024-04-01T12:14:08.000+00:00'}, {'monitor_id': 1767, 'process_parameter_001_a': '4321B50B', 'device_identifier': '00:30:11:78:A1:A6:01', 'id': 539859, 'timestamp': '2024-04-01T12:14:09.000+00:00'}, {'monitor_id': 1767, 'process_parameter_001_a': '4321B29A', 'device_identifier': '00:30:11:78:A1:A6:01', 'id': 539860, 'timestamp': '2024-04-01T12:14:23.000+00:00'}, {'monitor_id': 1767, 'process_parameter_001_a': '4321B029', 'device_identifier': '00:30:11:78:A1:A6:01', 'id': 539861, 'timestamp': '2024-04-01T12:14:25.000+00:00'}, {'monitor_id': 1767, 'process_parameter_001_a': '4321ADB8', 'device_identifier': '00:30:11:78:A1:A6:01', 'id': 539862, 'timestamp': '2024-04-01T12:14:50.000+00:00'}, {'monitor_id': 1767, 'process_parameter_001_a': '4321AB47', 'device_identifier': '00:30:11:78:A1:A6:01', 'id': 539863, 'timestamp': '2024-04-01T12:14:51.000+00:00'}, {'monitor_id': 1767, 'process_parameter_001_a': '4321A665', 'device_identifier': '00:30:11:78:A1:A6:01', 'id': 539864, 'timestamp': '2024-04-01T12:16:50.000+00:00'}, {'monitor_id': 1767, 'process_parameter_001_a': '4321A3F4', 'device_identifier': '00:30:11:78:A1:A6:01', 'id': 539865, 'timestamp': '2024-04-01T12:16:53.000+00:00'}]
2024-04-23 12:52:27,799 INFO     HIS_LOGS main           :157      {'Steam Temperature': 161.64044, 'Paper GSM': 616.0, 'Machine Speed': 174.73352, 'Steam Presure GP 8': 4.89742}
2024-04-23 12:52:27,802 INFO     HIS_LOGS main           :213      {'Steam Temperature': 161.64044, 'Paper GSM': 616.0, 'Machine Speed': 174.73352, 'Steam Presure GP 8': 4.89742}
2024-04-23 12:52:33,851 INFO     HIS_LOGS main           :114      200
2024-04-23 12:52:33,851 INFO     HIS_LOGS main           :142      raw data is [{'monitor_id': 1767, 'process_parameter_001_a': '4321B77C', 'device_identifier': '00:30:11:78:A1:A6:01', 'id': 539856, 'timestamp': '2024-04-01T12:13:28.000+00:00'}, {'monitor_id': 1767, 'process_parameter_001_a': '4321B9ED', 'device_identifier': '00:30:11:78:A1:A6:01', 'id': 539857, 'timestamp': '2024-04-01T12:13:28.000+00:00'}, {'monitor_id': 1767, 'process_parameter_001_a': '4321B77C', 'device_identifier': '00:30:11:78:A1:A6:01', 'id': 539858, 'timestamp': '2024-04-01T12:14:08.000+00:00'}, {'monitor_id': 1767, 'process_parameter_001_a': '4321B50B', 'device_identifier': '00:30:11:78:A1:A6:01', 'id': 539859, 'timestamp': '2024-04-01T12:14:09.000+00:00'}, {'monitor_id': 1767, 'process_parameter_001_a': '4321B29A', 'device_identifier': '00:30:11:78:A1:A6:01', 'id': 539860, 'timestamp': '2024-04-01T12:14:23.000+00:00'}, {'monitor_id': 1767, 'process_parameter_001_a': '4321B029', 'device_identifier': '00:30:11:78:A1:A6:01', 'id': 539861, 'timestamp': '2024-04-01T12:14:25.000+00:00'}, {'monitor_id': 1767, 'process_parameter_001_a': '4321ADB8', 'device_identifier': '00:30:11:78:A1:A6:01', 'id': 539862, 'timestamp': '2024-04-01T12:14:50.000+00:00'}, {'monitor_id': 1767, 'process_parameter_001_a': '4321AB47', 'device_identifier': '00:30:11:78:A1:A6:01', 'id': 539863, 'timestamp': '2024-04-01T12:14:51.000+00:00'}, {'monitor_id': 1767, 'process_parameter_001_a': '4321A665', 'device_identifier': '00:30:11:78:A1:A6:01', 'id': 539864, 'timestamp': '2024-04-01T12:16:50.000+00:00'}, {'monitor_id': 1767, 'process_parameter_001_a': '4321A3F4', 'device_identifier': '00:30:11:78:A1:A6:01', 'id': 539865, 'timestamp': '2024-04-01T12:16:53.000+00:00'}]
2024-04-23 12:52:33,851 INFO     HIS_LOGS main           :157      {'Steam Temperature': 161.64044, 'Paper GSM': 616.0, 'Machine Speed': 174.73352, 'Steam Presure GP 8': 4.89742}
2024-04-23 12:52:33,854 INFO     HIS_LOGS main           :213      {'Steam Temperature': 161.64044, 'Paper GSM': 616.0, 'Machine Speed': 174.73352, 'Steam Presure GP 8': 4.89742}
